[2017-06-16 20:54:03] local.ERROR: exception 'PDOException' with message 'SQLSTATE[HY000] [1045] Access denied for user 'root'@'localhost' (using password: YES)' in C:\xampp003\htdocs\jianshu_Laravel_5.4\c16nyr\vendor\laravel\framework\src\Illuminate\Database\Connectors\Connector.php:68
Stack trace:
#0 C:\xampp003\htdocs\jianshu_Laravel_5.4\c16nyr\vendor\laravel\framework\src\Illuminate\Database\Connectors\Connector.php(68): PDO->__construct('mysql:host=127....', 'root', 'root', Array)
#1 C:\xampp003\htdocs\jianshu_Laravel_5.4\c16nyr\vendor\laravel\framework\src\Illuminate\Database\Connectors\Connector.php(45): Illuminate\Database\Connectors\Connector->createPdoConnection('mysql:host=127....', 'root', 'root', Array)
#2 C:\xampp003\htdocs\jianshu_Laravel_5.4\c16nyr\vendor\laravel\framework\src\Illuminate\Database\Connectors\MySqlConnector.php(24): Illuminate\Database\Connectors\Connector->createConnection('mysql:host=127....', Array, Array)
#3 C:\xampp003\htdocs\jianshu_Laravel_5.4\c16nyr\vendor\laravel\framework\src\Illuminate\Database\Connectors\ConnectionFactory.php(183): Illuminate\Database\Connectors\MySqlConnector->connect(Array)
#4 [internal function]: Illuminate\Database\Connectors\ConnectionFactory->Illuminate\Database\Connectors\{closure}()
#5 C:\xampp003\htdocs\jianshu_Laravel_5.4\c16nyr\vendor\laravel\framework\src\Illuminate\Database\Connection.php(882): call_user_func(Object(Closure))
#6 C:\xampp003\htdocs\jianshu_Laravel_5.4\c16nyr\vendor\laravel\framework\src\Illuminate\Database\Connection.php(903): Illuminate\Database\Connection->getPdo()
#7 C:\xampp003\htdocs\jianshu_Laravel_5.4\c16nyr\vendor\laravel\framework\src\Illuminate\Database\Connection.php(392): Illuminate\Database\Connection->getReadPdo()
#8 C:\xampp003\htdocs\jianshu_Laravel_5.4\c16nyr\vendor\laravel\framework\src\Illuminate\Database\Connection.php(318): Illuminate\Database\Connection->getPdoForSelect(true)
#9 C:\xampp003\htdocs\jianshu_Laravel_5.4\c16nyr\vendor\laravel\framework\src\Illuminate\Database\Connection.php(640): Illuminate\Database\Connection->Illuminate\Database\{closure}('select * from `...', Array)
#10 C:\xampp003\htdocs\jianshu_Laravel_5.4\c16nyr\vendor\laravel\framework\src\Illuminate\Database\Connection.php(607): Illuminate\Database\Connection->runQueryCallback('select * from `...', Array, Object(Closure))
#11 C:\xampp003\htdocs\jianshu_Laravel_5.4\c16nyr\vendor\laravel\framework\src\Illuminate\Database\Connection.php(326): Illuminate\Database\Connection->run('select * from `...', Array, Object(Closure))
#12 C:\xampp003\htdocs\jianshu_Laravel_5.4\c16nyr\vendor\laravel\framework\src\Illuminate\Database\Query\Builder.php(1711): Illuminate\Database\Connection->select('select * from `...', Array, true)
#13 C:\xampp003\htdocs\jianshu_Laravel_5.4\c16nyr\vendor\laravel\framework\src\Illuminate\Database\Query\Builder.php(1695): Illuminate\Database\Query\Builder->runSelect()
#14 C:\xampp003\htdocs\jianshu_Laravel_5.4\c16nyr\vendor\laravel\framework\src\Illuminate\Database\Eloquent\Builder.php(462): Illuminate\Database\Query\Builder->get(Array)
#15 C:\xampp003\htdocs\jianshu_Laravel_5.4\c16nyr\vendor\laravel\framework\src\Illuminate\Database\Eloquent\Builder.php(446): Illuminate\Database\Eloquent\Builder->getModels(Array)
#16 C:\xampp003\htdocs\jianshu_Laravel_5.4\c16nyr\app\Providers\AuthServiceProvider.php(29): Illuminate\Database\Eloquent\Builder->get()
#17 [internal function]: App\Providers\AuthServiceProvider->boot()
#18 C:\xampp003\htdocs\jianshu_Laravel_5.4\c16nyr\vendor\laravel\framework\src\Illuminate\Container\BoundMethod.php(30): call_user_func_array(Array, Array)
#19 C:\xampp003\htdocs\jianshu_Laravel_5.4\c16nyr\vendor\laravel\framework\src\Illuminate\Container\BoundMethod.php(87): Illuminate\Container\BoundMethod::Illuminate\Container\{closure}()
#20 C:\xampp003\htdocs\jianshu_Laravel_5.4\c16nyr\vendor\laravel\framework\src\Illuminate\Container\BoundMethod.php(31): Illuminate\Container\BoundMethod::callBoundMethod(Object(Illuminate\Foundation\Application), Array, Object(Closure))
#21 C:\xampp003\htdocs\jianshu_Laravel_5.4\c16nyr\vendor\laravel\framework\src\Illuminate\Container\Container.php(539): Illuminate\Container\BoundMethod::call(Object(Illuminate\Foundation\Application), Array, Array, NULL)
#22 C:\xampp003\htdocs\jianshu_Laravel_5.4\c16nyr\vendor\laravel\framework\src\Illuminate\Foundation\Application.php(788): Illuminate\Container\Container->call(Array)
#23 C:\xampp003\htdocs\jianshu_Laravel_5.4\c16nyr\vendor\laravel\framework\src\Illuminate\Foundation\Application.php(771): Illuminate\Foundation\Application->bootProvider(Object(App\Providers\AuthServiceProvider))
#24 [internal function]: Illuminate\Foundation\Application->Illuminate\Foundation\{closure}(Object(App\Providers\AuthServiceProvider), 15)
#25 C:\xampp003\htdocs\jianshu_Laravel_5.4\c16nyr\vendor\laravel\framework\src\Illuminate\Foundation\Application.php(772): array_walk(Array, Object(Closure))
#26 C:\xampp003\htdocs\jianshu_Laravel_5.4\c16nyr\vendor\laravel\framework\src\Illuminate\Foundation\Bootstrap\BootProviders.php(17): Illuminate\Foundation\Application->boot()
#27 C:\xampp003\htdocs\jianshu_Laravel_5.4\c16nyr\vendor\laravel\framework\src\Illuminate\Foundation\Application.php(208): Illuminate\Foundation\Bootstrap\BootProviders->bootstrap(Object(Illuminate\Foundation\Application))
#28 C:\xampp003\htdocs\jianshu_Laravel_5.4\c16nyr\vendor\laravel\framework\src\Illuminate\Foundation\Http\Kernel.php(160): Illuminate\Foundation\Application->bootstrapWith(Array)
#29 C:\xampp003\htdocs\jianshu_Laravel_5.4\c16nyr\vendor\laravel\framework\src\Illuminate\Foundation\Http\Kernel.php(144): Illuminate\Foundation\Http\Kernel->bootstrap()
#30 C:\xampp003\htdocs\jianshu_Laravel_5.4\c16nyr\vendor\laravel\framework\src\Illuminate\Foundation\Http\Kernel.php(116): Illuminate\Foundation\Http\Kernel->sendRequestThroughRouter(Object(Illuminate\Http\Request))
#31 C:\xampp003\htdocs\jianshu_Laravel_5.4\c16nyr\public\index.php(54): Illuminate\Foundation\Http\Kernel->handle(Object(Illuminate\Http\Request))
#32 {main}  
[2017-06-16 20:54:03] local.ERROR: exception 'PDOException' with message 'SQLSTATE[HY000] [1045] Access denied for user 'root'@'localhost' (using password: YES)' in C:\xampp003\htdocs\jianshu_Laravel_5.4\c16nyr\vendor\laravel\framework\src\Illuminate\Database\Connectors\Connector.php:68
Stack trace:
#0 C:\xampp003\htdocs\jianshu_Laravel_5.4\c16nyr\vendor\laravel\framework\src\Illuminate\Database\Connectors\Connector.php(68): PDO->__construct('mysql:host=127....', 'root', 'root', Array)
#1 C:\xampp003\htdocs\jianshu_Laravel_5.4\c16nyr\vendor\laravel\framework\src\Illuminate\Database\Connectors\Connector.php(45): Illuminate\Database\Connectors\Connector->createPdoConnection('mysql:host=127....', 'root', 'root', Array)
#2 C:\xampp003\htdocs\jianshu_Laravel_5.4\c16nyr\vendor\laravel\framework\src\Illuminate\Database\Connectors\MySqlConnector.php(24): Illuminate\Database\Connectors\Connector->createConnection('mysql:host=127....', Array, Array)
#3 C:\xampp003\htdocs\jianshu_Laravel_5.4\c16nyr\vendor\laravel\framework\src\Illuminate\Database\Connectors\ConnectionFactory.php(183): Illuminate\Database\Connectors\MySqlConnector->connect(Array)
#4 [internal function]: Illuminate\Database\Connectors\ConnectionFactory->Illuminate\Database\Connectors\{closure}()
#5 C:\xampp003\htdocs\jianshu_Laravel_5.4\c16nyr\vendor\laravel\framework\src\Illuminate\Database\Connection.php(882): call_user_func(Object(Closure))
#6 C:\xampp003\htdocs\jianshu_Laravel_5.4\c16nyr\vendor\laravel\framework\src\Illuminate\Database\Connection.php(903): Illuminate\Database\Connection->getPdo()
#7 C:\xampp003\htdocs\jianshu_Laravel_5.4\c16nyr\vendor\laravel\framework\src\Illuminate\Database\Connection.php(392): Illuminate\Database\Connection->getReadPdo()
#8 C:\xampp003\htdocs\jianshu_Laravel_5.4\c16nyr\vendor\laravel\framework\src\Illuminate\Database\Connection.php(318): Illuminate\Database\Connection->getPdoForSelect(true)
#9 C:\xampp003\htdocs\jianshu_Laravel_5.4\c16nyr\vendor\laravel\framework\src\Illuminate\Database\Connection.php(640): Illuminate\Database\Connection->Illuminate\Database\{closure}('select * from `...', Array)
#10 C:\xampp003\htdocs\jianshu_Laravel_5.4\c16nyr\vendor\laravel\framework\src\Illuminate\Database\Connection.php(607): Illuminate\Database\Connection->runQueryCallback('select * from `...', Array, Object(Closure))
#11 C:\xampp003\htdocs\jianshu_Laravel_5.4\c16nyr\vendor\laravel\framework\src\Illuminate\Database\Connection.php(326): Illuminate\Database\Connection->run('select * from `...', Array, Object(Closure))
#12 C:\xampp003\htdocs\jianshu_Laravel_5.4\c16nyr\vendor\laravel\framework\src\Illuminate\Database\Query\Builder.php(1711): Illuminate\Database\Connection->select('select * from `...', Array, true)
#13 C:\xampp003\htdocs\jianshu_Laravel_5.4\c16nyr\vendor\laravel\framework\src\Illuminate\Database\Query\Builder.php(1695): Illuminate\Database\Query\Builder->runSelect()
#14 C:\xampp003\htdocs\jianshu_Laravel_5.4\c16nyr\vendor\laravel\framework\src\Illuminate\Database\Eloquent\Builder.php(462): Illuminate\Database\Query\Builder->get(Array)
#15 C:\xampp003\htdocs\jianshu_Laravel_5.4\c16nyr\vendor\laravel\framework\src\Illuminate\Database\Eloquent\Builder.php(446): Illuminate\Database\Eloquent\Builder->getModels(Array)
#16 C:\xampp003\htdocs\jianshu_Laravel_5.4\c16nyr\app\Providers\AuthServiceProvider.php(29): Illuminate\Database\Eloquent\Builder->get()
#17 [internal function]: App\Providers\AuthServiceProvider->boot()
#18 C:\xampp003\htdocs\jianshu_Laravel_5.4\c16nyr\vendor\laravel\framework\src\Illuminate\Container\BoundMethod.php(30): call_user_func_array(Array, Array)
#19 C:\xampp003\htdocs\jianshu_Laravel_5.4\c16nyr\vendor\laravel\framework\src\Illuminate\Container\BoundMethod.php(87): Illuminate\Container\BoundMethod::Illuminate\Container\{closure}()
#20 C:\xampp003\htdocs\jianshu_Laravel_5.4\c16nyr\vendor\laravel\framework\src\Illuminate\Container\BoundMethod.php(31): Illuminate\Container\BoundMethod::callBoundMethod(Object(Illuminate\Foundation\Application), Array, Object(Closure))
#21 C:\xampp003\htdocs\jianshu_Laravel_5.4\c16nyr\vendor\laravel\framework\src\Illuminate\Container\Container.php(539): Illuminate\Container\BoundMethod::call(Object(Illuminate\Foundation\Application), Array, Array, NULL)
#22 C:\xampp003\htdocs\jianshu_Laravel_5.4\c16nyr\vendor\laravel\framework\src\Illuminate\Foundation\Application.php(788): Illuminate\Container\Container->call(Array)
#23 C:\xampp003\htdocs\jianshu_Laravel_5.4\c16nyr\vendor\laravel\framework\src\Illuminate\Foundation\Application.php(771): Illuminate\Foundation\Application->bootProvider(Object(App\Providers\AuthServiceProvider))
#24 [internal function]: Illuminate\Foundation\Application->Illuminate\Foundation\{closure}(Object(App\Providers\AuthServiceProvider), 15)
#25 C:\xampp003\htdocs\jianshu_Laravel_5.4\c16nyr\vendor\laravel\framework\src\Illuminate\Foundation\Application.php(772): array_walk(Array, Object(Closure))
#26 C:\xampp003\htdocs\jianshu_Laravel_5.4\c16nyr\vendor\laravel\framework\src\Illuminate\Foundation\Bootstrap\BootProviders.php(17): Illuminate\Foundation\Application->boot()
#27 C:\xampp003\htdocs\jianshu_Laravel_5.4\c16nyr\vendor\laravel\framework\src\Illuminate\Foundation\Application.php(208): Illuminate\Foundation\Bootstrap\BootProviders->bootstrap(Object(Illuminate\Foundation\Application))
#28 C:\xampp003\htdocs\jianshu_Laravel_5.4\c16nyr\vendor\laravel\framework\src\Illuminate\Foundation\Http\Kernel.php(160): Illuminate\Foundation\Application->bootstrapWith(Array)
#29 C:\xampp003\htdocs\jianshu_Laravel_5.4\c16nyr\vendor\laravel\framework\src\Illuminate\Foundation\Http\Kernel.php(144): Illuminate\Foundation\Http\Kernel->bootstrap()
#30 C:\xampp003\htdocs\jianshu_Laravel_5.4\c16nyr\vendor\laravel\framework\src\Illuminate\Foundation\Http\Kernel.php(116): Illuminate\Foundation\Http\Kernel->sendRequestThroughRouter(Object(Illuminate\Http\Request))
#31 C:\xampp003\htdocs\jianshu_Laravel_5.4\c16nyr\public\index.php(54): Illuminate\Foundation\Http\Kernel->handle(Object(Illuminate\Http\Request))
#32 {main}

Next exception 'Illuminate\Database\QueryException' with message 'SQLSTATE[HY000] [1045] Access denied for user 'root'@'localhost' (using password: YES) (SQL: select * from `admin_permissions`)' in C:\xampp003\htdocs\jianshu_Laravel_5.4\c16nyr\vendor\laravel\framework\src\Illuminate\Database\Connection.php:647
Stack trace:
#0 C:\xampp003\htdocs\jianshu_Laravel_5.4\c16nyr\vendor\laravel\framework\src\Illuminate\Database\Connection.php(607): Illuminate\Database\Connection->runQueryCallback('select * from `...', Array, Object(Closure))
#1 C:\xampp003\htdocs\jianshu_Laravel_5.4\c16nyr\vendor\laravel\framework\src\Illuminate\Database\Connection.php(326): Illuminate\Database\Connection->run('select * from `...', Array, Object(Closure))
#2 C:\xampp003\htdocs\jianshu_Laravel_5.4\c16nyr\vendor\laravel\framework\src\Illuminate\Database\Query\Builder.php(1711): Illuminate\Database\Connection->select('select * from `...', Array, true)
#3 C:\xampp003\htdocs\jianshu_Laravel_5.4\c16nyr\vendor\laravel\framework\src\Illuminate\Database\Query\Builder.php(1695): Illuminate\Database\Query\Builder->runSelect()
#4 C:\xampp003\htdocs\jianshu_Laravel_5.4\c16nyr\vendor\laravel\framework\src\Illuminate\Database\Eloquent\Builder.php(462): Illuminate\Database\Query\Builder->get(Array)
#5 C:\xampp003\htdocs\jianshu_Laravel_5.4\c16nyr\vendor\laravel\framework\src\Illuminate\Database\Eloquent\Builder.php(446): Illuminate\Database\Eloquent\Builder->getModels(Array)
#6 C:\xampp003\htdocs\jianshu_Laravel_5.4\c16nyr\app\Providers\AuthServiceProvider.php(29): Illuminate\Database\Eloquent\Builder->get()
#7 [internal function]: App\Providers\AuthServiceProvider->boot()
#8 C:\xampp003\htdocs\jianshu_Laravel_5.4\c16nyr\vendor\laravel\framework\src\Illuminate\Container\BoundMethod.php(30): call_user_func_array(Array, Array)
#9 C:\xampp003\htdocs\jianshu_Laravel_5.4\c16nyr\vendor\laravel\framework\src\Illuminate\Container\BoundMethod.php(87): Illuminate\Container\BoundMethod::Illuminate\Container\{closure}()
#10 C:\xampp003\htdocs\jianshu_Laravel_5.4\c16nyr\vendor\laravel\framework\src\Illuminate\Container\BoundMethod.php(31): Illuminate\Container\BoundMethod::callBoundMethod(Object(Illuminate\Foundation\Application), Array, Object(Closure))
#11 C:\xampp003\htdocs\jianshu_Laravel_5.4\c16nyr\vendor\laravel\framework\src\Illuminate\Container\Container.php(539): Illuminate\Container\BoundMethod::call(Object(Illuminate\Foundation\Application), Array, Array, NULL)
#12 C:\xampp003\htdocs\jianshu_Laravel_5.4\c16nyr\vendor\laravel\framework\src\Illuminate\Foundation\Application.php(788): Illuminate\Container\Container->call(Array)
#13 C:\xampp003\htdocs\jianshu_Laravel_5.4\c16nyr\vendor\laravel\framework\src\Illuminate\Foundation\Application.php(771): Illuminate\Foundation\Application->bootProvider(Object(App\Providers\AuthServiceProvider))
#14 [internal function]: Illuminate\Foundation\Application->Illuminate\Foundation\{closure}(Object(App\Providers\AuthServiceProvider), 15)
#15 C:\xampp003\htdocs\jianshu_Laravel_5.4\c16nyr\vendor\laravel\framework\src\Illuminate\Foundation\Application.php(772): array_walk(Array, Object(Closure))
#16 C:\xampp003\htdocs\jianshu_Laravel_5.4\c16nyr\vendor\laravel\framework\src\Illuminate\Foundation\Bootstrap\BootProviders.php(17): Illuminate\Foundation\Application->boot()
#17 C:\xampp003\htdocs\jianshu_Laravel_5.4\c16nyr\vendor\laravel\framework\src\Illuminate\Foundation\Application.php(208): Illuminate\Foundation\Bootstrap\BootProviders->bootstrap(Object(Illuminate\Foundation\Application))
#18 C:\xampp003\htdocs\jianshu_Laravel_5.4\c16nyr\vendor\laravel\framework\src\Illuminate\Foundation\Http\Kernel.php(160): Illuminate\Foundation\Application->bootstrapWith(Array)
#19 C:\xampp003\htdocs\jianshu_Laravel_5.4\c16nyr\vendor\laravel\framework\src\Illuminate\Foundation\Http\Kernel.php(144): Illuminate\Foundation\Http\Kernel->bootstrap()
#20 C:\xampp003\htdocs\jianshu_Laravel_5.4\c16nyr\vendor\laravel\framework\src\Illuminate\Foundation\Http\Kernel.php(116): Illuminate\Foundation\Http\Kernel->sendRequestThroughRouter(Object(Illuminate\Http\Request))
#21 C:\xampp003\htdocs\jianshu_Laravel_5.4\c16nyr\public\index.php(54): Illuminate\Foundation\Http\Kernel->handle(Object(Illuminate\Http\Request))
#22 {main}  
[2017-06-16 21:14:37] local.ERROR: exception 'PDOException' with message 'SQLSTATE[HY000] [1049] Unknown database 'imooc_laravel'' in C:\xampp003\htdocs\jianshu_Laravel_5.4\c16nyr\vendor\laravel\framework\src\Illuminate\Database\Connectors\Connector.php:68
Stack trace:
#0 C:\xampp003\htdocs\jianshu_Laravel_5.4\c16nyr\vendor\laravel\framework\src\Illuminate\Database\Connectors\Connector.php(68): PDO->__construct('mysql:host=127....', 'root', '', Array)
#1 C:\xampp003\htdocs\jianshu_Laravel_5.4\c16nyr\vendor\laravel\framework\src\Illuminate\Database\Connectors\Connector.php(45): Illuminate\Database\Connectors\Connector->createPdoConnection('mysql:host=127....', 'root', '', Array)
#2 C:\xampp003\htdocs\jianshu_Laravel_5.4\c16nyr\vendor\laravel\framework\src\Illuminate\Database\Connectors\MySqlConnector.php(24): Illuminate\Database\Connectors\Connector->createConnection('mysql:host=127....', Array, Array)
#3 C:\xampp003\htdocs\jianshu_Laravel_5.4\c16nyr\vendor\laravel\framework\src\Illuminate\Database\Connectors\ConnectionFactory.php(183): Illuminate\Database\Connectors\MySqlConnector->connect(Array)
#4 [internal function]: Illuminate\Database\Connectors\ConnectionFactory->Illuminate\Database\Connectors\{closure}()
#5 C:\xampp003\htdocs\jianshu_Laravel_5.4\c16nyr\vendor\laravel\framework\src\Illuminate\Database\Connection.php(882): call_user_func(Object(Closure))
#6 C:\xampp003\htdocs\jianshu_Laravel_5.4\c16nyr\vendor\laravel\framework\src\Illuminate\Database\Connection.php(903): Illuminate\Database\Connection->getPdo()
#7 C:\xampp003\htdocs\jianshu_Laravel_5.4\c16nyr\vendor\laravel\framework\src\Illuminate\Database\Connection.php(392): Illuminate\Database\Connection->getReadPdo()
#8 C:\xampp003\htdocs\jianshu_Laravel_5.4\c16nyr\vendor\laravel\framework\src\Illuminate\Database\Connection.php(318): Illuminate\Database\Connection->getPdoForSelect(true)
#9 C:\xampp003\htdocs\jianshu_Laravel_5.4\c16nyr\vendor\laravel\framework\src\Illuminate\Database\Connection.php(640): Illuminate\Database\Connection->Illuminate\Database\{closure}('select * from `...', Array)
#10 C:\xampp003\htdocs\jianshu_Laravel_5.4\c16nyr\vendor\laravel\framework\src\Illuminate\Database\Connection.php(607): Illuminate\Database\Connection->runQueryCallback('select * from `...', Array, Object(Closure))
#11 C:\xampp003\htdocs\jianshu_Laravel_5.4\c16nyr\vendor\laravel\framework\src\Illuminate\Database\Connection.php(326): Illuminate\Database\Connection->run('select * from `...', Array, Object(Closure))
#12 C:\xampp003\htdocs\jianshu_Laravel_5.4\c16nyr\vendor\laravel\framework\src\Illuminate\Database\Query\Builder.php(1711): Illuminate\Database\Connection->select('select * from `...', Array, true)
#13 C:\xampp003\htdocs\jianshu_Laravel_5.4\c16nyr\vendor\laravel\framework\src\Illuminate\Database\Query\Builder.php(1695): Illuminate\Database\Query\Builder->runSelect()
#14 C:\xampp003\htdocs\jianshu_Laravel_5.4\c16nyr\vendor\laravel\framework\src\Illuminate\Database\Eloquent\Builder.php(462): Illuminate\Database\Query\Builder->get(Array)
#15 C:\xampp003\htdocs\jianshu_Laravel_5.4\c16nyr\vendor\laravel\framework\src\Illuminate\Database\Eloquent\Builder.php(446): Illuminate\Database\Eloquent\Builder->getModels(Array)
#16 C:\xampp003\htdocs\jianshu_Laravel_5.4\c16nyr\app\Providers\AuthServiceProvider.php(29): Illuminate\Database\Eloquent\Builder->get()
#17 [internal function]: App\Providers\AuthServiceProvider->boot()
#18 C:\xampp003\htdocs\jianshu_Laravel_5.4\c16nyr\vendor\laravel\framework\src\Illuminate\Container\BoundMethod.php(30): call_user_func_array(Array, Array)
#19 C:\xampp003\htdocs\jianshu_Laravel_5.4\c16nyr\vendor\laravel\framework\src\Illuminate\Container\BoundMethod.php(87): Illuminate\Container\BoundMethod::Illuminate\Container\{closure}()
#20 C:\xampp003\htdocs\jianshu_Laravel_5.4\c16nyr\vendor\laravel\framework\src\Illuminate\Container\BoundMethod.php(31): Illuminate\Container\BoundMethod::callBoundMethod(Object(Illuminate\Foundation\Application), Array, Object(Closure))
#21 C:\xampp003\htdocs\jianshu_Laravel_5.4\c16nyr\vendor\laravel\framework\src\Illuminate\Container\Container.php(539): Illuminate\Container\BoundMethod::call(Object(Illuminate\Foundation\Application), Array, Array, NULL)
#22 C:\xampp003\htdocs\jianshu_Laravel_5.4\c16nyr\vendor\laravel\framework\src\Illuminate\Foundation\Application.php(788): Illuminate\Container\Container->call(Array)
#23 C:\xampp003\htdocs\jianshu_Laravel_5.4\c16nyr\vendor\laravel\framework\src\Illuminate\Foundation\Application.php(771): Illuminate\Foundation\Application->bootProvider(Object(App\Providers\AuthServiceProvider))
#24 [internal function]: Illuminate\Foundation\Application->Illuminate\Foundation\{closure}(Object(App\Providers\AuthServiceProvider), 15)
#25 C:\xampp003\htdocs\jianshu_Laravel_5.4\c16nyr\vendor\laravel\framework\src\Illuminate\Foundation\Application.php(772): array_walk(Array, Object(Closure))
#26 C:\xampp003\htdocs\jianshu_Laravel_5.4\c16nyr\vendor\laravel\framework\src\Illuminate\Foundation\Bootstrap\BootProviders.php(17): Illuminate\Foundation\Application->boot()
#27 C:\xampp003\htdocs\jianshu_Laravel_5.4\c16nyr\vendor\laravel\framework\src\Illuminate\Foundation\Application.php(208): Illuminate\Foundation\Bootstrap\BootProviders->bootstrap(Object(Illuminate\Foundation\Application))
#28 C:\xampp003\htdocs\jianshu_Laravel_5.4\c16nyr\vendor\laravel\framework\src\Illuminate\Foundation\Http\Kernel.php(160): Illuminate\Foundation\Application->bootstrapWith(Array)
#29 C:\xampp003\htdocs\jianshu_Laravel_5.4\c16nyr\vendor\laravel\framework\src\Illuminate\Foundation\Http\Kernel.php(144): Illuminate\Foundation\Http\Kernel->bootstrap()
#30 C:\xampp003\htdocs\jianshu_Laravel_5.4\c16nyr\vendor\laravel\framework\src\Illuminate\Foundation\Http\Kernel.php(116): Illuminate\Foundation\Http\Kernel->sendRequestThroughRouter(Object(Illuminate\Http\Request))
#31 C:\xampp003\htdocs\jianshu_Laravel_5.4\c16nyr\public\index.php(54): Illuminate\Foundation\Http\Kernel->handle(Object(Illuminate\Http\Request))
#32 {main}  
[2017-06-16 21:14:37] local.ERROR: exception 'PDOException' with message 'SQLSTATE[HY000] [1049] Unknown database 'imooc_laravel'' in C:\xampp003\htdocs\jianshu_Laravel_5.4\c16nyr\vendor\laravel\framework\src\Illuminate\Database\Connectors\Connector.php:68
Stack trace:
#0 C:\xampp003\htdocs\jianshu_Laravel_5.4\c16nyr\vendor\laravel\framework\src\Illuminate\Database\Connectors\Connector.php(68): PDO->__construct('mysql:host=127....', 'root', '', Array)
#1 C:\xampp003\htdocs\jianshu_Laravel_5.4\c16nyr\vendor\laravel\framework\src\Illuminate\Database\Connectors\Connector.php(45): Illuminate\Database\Connectors\Connector->createPdoConnection('mysql:host=127....', 'root', '', Array)
#2 C:\xampp003\htdocs\jianshu_Laravel_5.4\c16nyr\vendor\laravel\framework\src\Illuminate\Database\Connectors\MySqlConnector.php(24): Illuminate\Database\Connectors\Connector->createConnection('mysql:host=127....', Array, Array)
#3 C:\xampp003\htdocs\jianshu_Laravel_5.4\c16nyr\vendor\laravel\framework\src\Illuminate\Database\Connectors\ConnectionFactory.php(183): Illuminate\Database\Connectors\MySqlConnector->connect(Array)
#4 [internal function]: Illuminate\Database\Connectors\ConnectionFactory->Illuminate\Database\Connectors\{closure}()
#5 C:\xampp003\htdocs\jianshu_Laravel_5.4\c16nyr\vendor\laravel\framework\src\Illuminate\Database\Connection.php(882): call_user_func(Object(Closure))
#6 C:\xampp003\htdocs\jianshu_Laravel_5.4\c16nyr\vendor\laravel\framework\src\Illuminate\Database\Connection.php(903): Illuminate\Database\Connection->getPdo()
#7 C:\xampp003\htdocs\jianshu_Laravel_5.4\c16nyr\vendor\laravel\framework\src\Illuminate\Database\Connection.php(392): Illuminate\Database\Connection->getReadPdo()
#8 C:\xampp003\htdocs\jianshu_Laravel_5.4\c16nyr\vendor\laravel\framework\src\Illuminate\Database\Connection.php(318): Illuminate\Database\Connection->getPdoForSelect(true)
#9 C:\xampp003\htdocs\jianshu_Laravel_5.4\c16nyr\vendor\laravel\framework\src\Illuminate\Database\Connection.php(640): Illuminate\Database\Connection->Illuminate\Database\{closure}('select * from `...', Array)
#10 C:\xampp003\htdocs\jianshu_Laravel_5.4\c16nyr\vendor\laravel\framework\src\Illuminate\Database\Connection.php(607): Illuminate\Database\Connection->runQueryCallback('select * from `...', Array, Object(Closure))
#11 C:\xampp003\htdocs\jianshu_Laravel_5.4\c16nyr\vendor\laravel\framework\src\Illuminate\Database\Connection.php(326): Illuminate\Database\Connection->run('select * from `...', Array, Object(Closure))
#12 C:\xampp003\htdocs\jianshu_Laravel_5.4\c16nyr\vendor\laravel\framework\src\Illuminate\Database\Query\Builder.php(1711): Illuminate\Database\Connection->select('select * from `...', Array, true)
#13 C:\xampp003\htdocs\jianshu_Laravel_5.4\c16nyr\vendor\laravel\framework\src\Illuminate\Database\Query\Builder.php(1695): Illuminate\Database\Query\Builder->runSelect()
#14 C:\xampp003\htdocs\jianshu_Laravel_5.4\c16nyr\vendor\laravel\framework\src\Illuminate\Database\Eloquent\Builder.php(462): Illuminate\Database\Query\Builder->get(Array)
#15 C:\xampp003\htdocs\jianshu_Laravel_5.4\c16nyr\vendor\laravel\framework\src\Illuminate\Database\Eloquent\Builder.php(446): Illuminate\Database\Eloquent\Builder->getModels(Array)
#16 C:\xampp003\htdocs\jianshu_Laravel_5.4\c16nyr\app\Providers\AuthServiceProvider.php(29): Illuminate\Database\Eloquent\Builder->get()
#17 [internal function]: App\Providers\AuthServiceProvider->boot()
#18 C:\xampp003\htdocs\jianshu_Laravel_5.4\c16nyr\vendor\laravel\framework\src\Illuminate\Container\BoundMethod.php(30): call_user_func_array(Array, Array)
#19 C:\xampp003\htdocs\jianshu_Laravel_5.4\c16nyr\vendor\laravel\framework\src\Illuminate\Container\BoundMethod.php(87): Illuminate\Container\BoundMethod::Illuminate\Container\{closure}()
#20 C:\xampp003\htdocs\jianshu_Laravel_5.4\c16nyr\vendor\laravel\framework\src\Illuminate\Container\BoundMethod.php(31): Illuminate\Container\BoundMethod::callBoundMethod(Object(Illuminate\Foundation\Application), Array, Object(Closure))
#21 C:\xampp003\htdocs\jianshu_Laravel_5.4\c16nyr\vendor\laravel\framework\src\Illuminate\Container\Container.php(539): Illuminate\Container\BoundMethod::call(Object(Illuminate\Foundation\Application), Array, Array, NULL)
#22 C:\xampp003\htdocs\jianshu_Laravel_5.4\c16nyr\vendor\laravel\framework\src\Illuminate\Foundation\Application.php(788): Illuminate\Container\Container->call(Array)
#23 C:\xampp003\htdocs\jianshu_Laravel_5.4\c16nyr\vendor\laravel\framework\src\Illuminate\Foundation\Application.php(771): Illuminate\Foundation\Application->bootProvider(Object(App\Providers\AuthServiceProvider))
#24 [internal function]: Illuminate\Foundation\Application->Illuminate\Foundation\{closure}(Object(App\Providers\AuthServiceProvider), 15)
#25 C:\xampp003\htdocs\jianshu_Laravel_5.4\c16nyr\vendor\laravel\framework\src\Illuminate\Foundation\Application.php(772): array_walk(Array, Object(Closure))
#26 C:\xampp003\htdocs\jianshu_Laravel_5.4\c16nyr\vendor\laravel\framework\src\Illuminate\Foundation\Bootstrap\BootProviders.php(17): Illuminate\Foundation\Application->boot()
#27 C:\xampp003\htdocs\jianshu_Laravel_5.4\c16nyr\vendor\laravel\framework\src\Illuminate\Foundation\Application.php(208): Illuminate\Foundation\Bootstrap\BootProviders->bootstrap(Object(Illuminate\Foundation\Application))
#28 C:\xampp003\htdocs\jianshu_Laravel_5.4\c16nyr\vendor\laravel\framework\src\Illuminate\Foundation\Http\Kernel.php(160): Illuminate\Foundation\Application->bootstrapWith(Array)
#29 C:\xampp003\htdocs\jianshu_Laravel_5.4\c16nyr\vendor\laravel\framework\src\Illuminate\Foundation\Http\Kernel.php(144): Illuminate\Foundation\Http\Kernel->bootstrap()
#30 C:\xampp003\htdocs\jianshu_Laravel_5.4\c16nyr\vendor\laravel\framework\src\Illuminate\Foundation\Http\Kernel.php(116): Illuminate\Foundation\Http\Kernel->sendRequestThroughRouter(Object(Illuminate\Http\Request))
#31 C:\xampp003\htdocs\jianshu_Laravel_5.4\c16nyr\public\index.php(54): Illuminate\Foundation\Http\Kernel->handle(Object(Illuminate\Http\Request))
#32 {main}

Next exception 'Illuminate\Database\QueryException' with message 'SQLSTATE[HY000] [1049] Unknown database 'imooc_laravel' (SQL: select * from `admin_permissions`)' in C:\xampp003\htdocs\jianshu_Laravel_5.4\c16nyr\vendor\laravel\framework\src\Illuminate\Database\Connection.php:647
Stack trace:
#0 C:\xampp003\htdocs\jianshu_Laravel_5.4\c16nyr\vendor\laravel\framework\src\Illuminate\Database\Connection.php(607): Illuminate\Database\Connection->runQueryCallback('select * from `...', Array, Object(Closure))
#1 C:\xampp003\htdocs\jianshu_Laravel_5.4\c16nyr\vendor\laravel\framework\src\Illuminate\Database\Connection.php(326): Illuminate\Database\Connection->run('select * from `...', Array, Object(Closure))
#2 C:\xampp003\htdocs\jianshu_Laravel_5.4\c16nyr\vendor\laravel\framework\src\Illuminate\Database\Query\Builder.php(1711): Illuminate\Database\Connection->select('select * from `...', Array, true)
#3 C:\xampp003\htdocs\jianshu_Laravel_5.4\c16nyr\vendor\laravel\framework\src\Illuminate\Database\Query\Builder.php(1695): Illuminate\Database\Query\Builder->runSelect()
#4 C:\xampp003\htdocs\jianshu_Laravel_5.4\c16nyr\vendor\laravel\framework\src\Illuminate\Database\Eloquent\Builder.php(462): Illuminate\Database\Query\Builder->get(Array)
#5 C:\xampp003\htdocs\jianshu_Laravel_5.4\c16nyr\vendor\laravel\framework\src\Illuminate\Database\Eloquent\Builder.php(446): Illuminate\Database\Eloquent\Builder->getModels(Array)
#6 C:\xampp003\htdocs\jianshu_Laravel_5.4\c16nyr\app\Providers\AuthServiceProvider.php(29): Illuminate\Database\Eloquent\Builder->get()
#7 [internal function]: App\Providers\AuthServiceProvider->boot()
#8 C:\xampp003\htdocs\jianshu_Laravel_5.4\c16nyr\vendor\laravel\framework\src\Illuminate\Container\BoundMethod.php(30): call_user_func_array(Array, Array)
#9 C:\xampp003\htdocs\jianshu_Laravel_5.4\c16nyr\vendor\laravel\framework\src\Illuminate\Container\BoundMethod.php(87): Illuminate\Container\BoundMethod::Illuminate\Container\{closure}()
#10 C:\xampp003\htdocs\jianshu_Laravel_5.4\c16nyr\vendor\laravel\framework\src\Illuminate\Container\BoundMethod.php(31): Illuminate\Container\BoundMethod::callBoundMethod(Object(Illuminate\Foundation\Application), Array, Object(Closure))
#11 C:\xampp003\htdocs\jianshu_Laravel_5.4\c16nyr\vendor\laravel\framework\src\Illuminate\Container\Container.php(539): Illuminate\Container\BoundMethod::call(Object(Illuminate\Foundation\Application), Array, Array, NULL)
#12 C:\xampp003\htdocs\jianshu_Laravel_5.4\c16nyr\vendor\laravel\framework\src\Illuminate\Foundation\Application.php(788): Illuminate\Container\Container->call(Array)
#13 C:\xampp003\htdocs\jianshu_Laravel_5.4\c16nyr\vendor\laravel\framework\src\Illuminate\Foundation\Application.php(771): Illuminate\Foundation\Application->bootProvider(Object(App\Providers\AuthServiceProvider))
#14 [internal function]: Illuminate\Foundation\Application->Illuminate\Foundation\{closure}(Object(App\Providers\AuthServiceProvider), 15)
#15 C:\xampp003\htdocs\jianshu_Laravel_5.4\c16nyr\vendor\laravel\framework\src\Illuminate\Foundation\Application.php(772): array_walk(Array, Object(Closure))
#16 C:\xampp003\htdocs\jianshu_Laravel_5.4\c16nyr\vendor\laravel\framework\src\Illuminate\Foundation\Bootstrap\BootProviders.php(17): Illuminate\Foundation\Application->boot()
#17 C:\xampp003\htdocs\jianshu_Laravel_5.4\c16nyr\vendor\laravel\framework\src\Illuminate\Foundation\Application.php(208): Illuminate\Foundation\Bootstrap\BootProviders->bootstrap(Object(Illuminate\Foundation\Application))
#18 C:\xampp003\htdocs\jianshu_Laravel_5.4\c16nyr\vendor\laravel\framework\src\Illuminate\Foundation\Http\Kernel.php(160): Illuminate\Foundation\Application->bootstrapWith(Array)
#19 C:\xampp003\htdocs\jianshu_Laravel_5.4\c16nyr\vendor\laravel\framework\src\Illuminate\Foundation\Http\Kernel.php(144): Illuminate\Foundation\Http\Kernel->bootstrap()
#20 C:\xampp003\htdocs\jianshu_Laravel_5.4\c16nyr\vendor\laravel\framework\src\Illuminate\Foundation\Http\Kernel.php(116): Illuminate\Foundation\Http\Kernel->sendRequestThroughRouter(Object(Illuminate\Http\Request))
#21 C:\xampp003\htdocs\jianshu_Laravel_5.4\c16nyr\public\index.php(54): Illuminate\Foundation\Http\Kernel->handle(Object(Illuminate\Http\Request))
#22 {main}  
[2017-06-16 21:14:39] local.ERROR: exception 'PDOException' with message 'SQLSTATE[HY000] [1049] Unknown database 'imooc_laravel'' in C:\xampp003\htdocs\jianshu_Laravel_5.4\c16nyr\vendor\laravel\framework\src\Illuminate\Database\Connectors\Connector.php:68
Stack trace:
#0 C:\xampp003\htdocs\jianshu_Laravel_5.4\c16nyr\vendor\laravel\framework\src\Illuminate\Database\Connectors\Connector.php(68): PDO->__construct('mysql:host=127....', 'root', '', Array)
#1 C:\xampp003\htdocs\jianshu_Laravel_5.4\c16nyr\vendor\laravel\framework\src\Illuminate\Database\Connectors\Connector.php(45): Illuminate\Database\Connectors\Connector->createPdoConnection('mysql:host=127....', 'root', '', Array)
#2 C:\xampp003\htdocs\jianshu_Laravel_5.4\c16nyr\vendor\laravel\framework\src\Illuminate\Database\Connectors\MySqlConnector.php(24): Illuminate\Database\Connectors\Connector->createConnection('mysql:host=127....', Array, Array)
#3 C:\xampp003\htdocs\jianshu_Laravel_5.4\c16nyr\vendor\laravel\framework\src\Illuminate\Database\Connectors\ConnectionFactory.php(183): Illuminate\Database\Connectors\MySqlConnector->connect(Array)
#4 [internal function]: Illuminate\Database\Connectors\ConnectionFactory->Illuminate\Database\Connectors\{closure}()
#5 C:\xampp003\htdocs\jianshu_Laravel_5.4\c16nyr\vendor\laravel\framework\src\Illuminate\Database\Connection.php(882): call_user_func(Object(Closure))
#6 C:\xampp003\htdocs\jianshu_Laravel_5.4\c16nyr\vendor\laravel\framework\src\Illuminate\Database\Connection.php(903): Illuminate\Database\Connection->getPdo()
#7 C:\xampp003\htdocs\jianshu_Laravel_5.4\c16nyr\vendor\laravel\framework\src\Illuminate\Database\Connection.php(392): Illuminate\Database\Connection->getReadPdo()
#8 C:\xampp003\htdocs\jianshu_Laravel_5.4\c16nyr\vendor\laravel\framework\src\Illuminate\Database\Connection.php(318): Illuminate\Database\Connection->getPdoForSelect(true)
#9 C:\xampp003\htdocs\jianshu_Laravel_5.4\c16nyr\vendor\laravel\framework\src\Illuminate\Database\Connection.php(640): Illuminate\Database\Connection->Illuminate\Database\{closure}('select * from `...', Array)
#10 C:\xampp003\htdocs\jianshu_Laravel_5.4\c16nyr\vendor\laravel\framework\src\Illuminate\Database\Connection.php(607): Illuminate\Database\Connection->runQueryCallback('select * from `...', Array, Object(Closure))
#11 C:\xampp003\htdocs\jianshu_Laravel_5.4\c16nyr\vendor\laravel\framework\src\Illuminate\Database\Connection.php(326): Illuminate\Database\Connection->run('select * from `...', Array, Object(Closure))
#12 C:\xampp003\htdocs\jianshu_Laravel_5.4\c16nyr\vendor\laravel\framework\src\Illuminate\Database\Query\Builder.php(1711): Illuminate\Database\Connection->select('select * from `...', Array, true)
#13 C:\xampp003\htdocs\jianshu_Laravel_5.4\c16nyr\vendor\laravel\framework\src\Illuminate\Database\Query\Builder.php(1695): Illuminate\Database\Query\Builder->runSelect()
#14 C:\xampp003\htdocs\jianshu_Laravel_5.4\c16nyr\vendor\laravel\framework\src\Illuminate\Database\Eloquent\Builder.php(462): Illuminate\Database\Query\Builder->get(Array)
#15 C:\xampp003\htdocs\jianshu_Laravel_5.4\c16nyr\vendor\laravel\framework\src\Illuminate\Database\Eloquent\Builder.php(446): Illuminate\Database\Eloquent\Builder->getModels(Array)
#16 C:\xampp003\htdocs\jianshu_Laravel_5.4\c16nyr\app\Providers\AuthServiceProvider.php(29): Illuminate\Database\Eloquent\Builder->get()
#17 [internal function]: App\Providers\AuthServiceProvider->boot()
#18 C:\xampp003\htdocs\jianshu_Laravel_5.4\c16nyr\vendor\laravel\framework\src\Illuminate\Container\BoundMethod.php(30): call_user_func_array(Array, Array)
#19 C:\xampp003\htdocs\jianshu_Laravel_5.4\c16nyr\vendor\laravel\framework\src\Illuminate\Container\BoundMethod.php(87): Illuminate\Container\BoundMethod::Illuminate\Container\{closure}()
#20 C:\xampp003\htdocs\jianshu_Laravel_5.4\c16nyr\vendor\laravel\framework\src\Illuminate\Container\BoundMethod.php(31): Illuminate\Container\BoundMethod::callBoundMethod(Object(Illuminate\Foundation\Application), Array, Object(Closure))
#21 C:\xampp003\htdocs\jianshu_Laravel_5.4\c16nyr\vendor\laravel\framework\src\Illuminate\Container\Container.php(539): Illuminate\Container\BoundMethod::call(Object(Illuminate\Foundation\Application), Array, Array, NULL)
#22 C:\xampp003\htdocs\jianshu_Laravel_5.4\c16nyr\vendor\laravel\framework\src\Illuminate\Foundation\Application.php(788): Illuminate\Container\Container->call(Array)
#23 C:\xampp003\htdocs\jianshu_Laravel_5.4\c16nyr\vendor\laravel\framework\src\Illuminate\Foundation\Application.php(771): Illuminate\Foundation\Application->bootProvider(Object(App\Providers\AuthServiceProvider))
#24 [internal function]: Illuminate\Foundation\Application->Illuminate\Foundation\{closure}(Object(App\Providers\AuthServiceProvider), 15)
#25 C:\xampp003\htdocs\jianshu_Laravel_5.4\c16nyr\vendor\laravel\framework\src\Illuminate\Foundation\Application.php(772): array_walk(Array, Object(Closure))
#26 C:\xampp003\htdocs\jianshu_Laravel_5.4\c16nyr\vendor\laravel\framework\src\Illuminate\Foundation\Bootstrap\BootProviders.php(17): Illuminate\Foundation\Application->boot()
#27 C:\xampp003\htdocs\jianshu_Laravel_5.4\c16nyr\vendor\laravel\framework\src\Illuminate\Foundation\Application.php(208): Illuminate\Foundation\Bootstrap\BootProviders->bootstrap(Object(Illuminate\Foundation\Application))
#28 C:\xampp003\htdocs\jianshu_Laravel_5.4\c16nyr\vendor\laravel\framework\src\Illuminate\Foundation\Http\Kernel.php(160): Illuminate\Foundation\Application->bootstrapWith(Array)
#29 C:\xampp003\htdocs\jianshu_Laravel_5.4\c16nyr\vendor\laravel\framework\src\Illuminate\Foundation\Http\Kernel.php(144): Illuminate\Foundation\Http\Kernel->bootstrap()
#30 C:\xampp003\htdocs\jianshu_Laravel_5.4\c16nyr\vendor\laravel\framework\src\Illuminate\Foundation\Http\Kernel.php(116): Illuminate\Foundation\Http\Kernel->sendRequestThroughRouter(Object(Illuminate\Http\Request))
#31 C:\xampp003\htdocs\jianshu_Laravel_5.4\c16nyr\public\index.php(54): Illuminate\Foundation\Http\Kernel->handle(Object(Illuminate\Http\Request))
#32 {main}  
[2017-06-16 21:14:39] local.ERROR: exception 'PDOException' with message 'SQLSTATE[HY000] [1049] Unknown database 'imooc_laravel'' in C:\xampp003\htdocs\jianshu_Laravel_5.4\c16nyr\vendor\laravel\framework\src\Illuminate\Database\Connectors\Connector.php:68
Stack trace:
#0 C:\xampp003\htdocs\jianshu_Laravel_5.4\c16nyr\vendor\laravel\framework\src\Illuminate\Database\Connectors\Connector.php(68): PDO->__construct('mysql:host=127....', 'root', '', Array)
#1 C:\xampp003\htdocs\jianshu_Laravel_5.4\c16nyr\vendor\laravel\framework\src\Illuminate\Database\Connectors\Connector.php(45): Illuminate\Database\Connectors\Connector->createPdoConnection('mysql:host=127....', 'root', '', Array)
#2 C:\xampp003\htdocs\jianshu_Laravel_5.4\c16nyr\vendor\laravel\framework\src\Illuminate\Database\Connectors\MySqlConnector.php(24): Illuminate\Database\Connectors\Connector->createConnection('mysql:host=127....', Array, Array)
#3 C:\xampp003\htdocs\jianshu_Laravel_5.4\c16nyr\vendor\laravel\framework\src\Illuminate\Database\Connectors\ConnectionFactory.php(183): Illuminate\Database\Connectors\MySqlConnector->connect(Array)
#4 [internal function]: Illuminate\Database\Connectors\ConnectionFactory->Illuminate\Database\Connectors\{closure}()
#5 C:\xampp003\htdocs\jianshu_Laravel_5.4\c16nyr\vendor\laravel\framework\src\Illuminate\Database\Connection.php(882): call_user_func(Object(Closure))
#6 C:\xampp003\htdocs\jianshu_Laravel_5.4\c16nyr\vendor\laravel\framework\src\Illuminate\Database\Connection.php(903): Illuminate\Database\Connection->getPdo()
#7 C:\xampp003\htdocs\jianshu_Laravel_5.4\c16nyr\vendor\laravel\framework\src\Illuminate\Database\Connection.php(392): Illuminate\Database\Connection->getReadPdo()
#8 C:\xampp003\htdocs\jianshu_Laravel_5.4\c16nyr\vendor\laravel\framework\src\Illuminate\Database\Connection.php(318): Illuminate\Database\Connection->getPdoForSelect(true)
#9 C:\xampp003\htdocs\jianshu_Laravel_5.4\c16nyr\vendor\laravel\framework\src\Illuminate\Database\Connection.php(640): Illuminate\Database\Connection->Illuminate\Database\{closure}('select * from `...', Array)
#10 C:\xampp003\htdocs\jianshu_Laravel_5.4\c16nyr\vendor\laravel\framework\src\Illuminate\Database\Connection.php(607): Illuminate\Database\Connection->runQueryCallback('select * from `...', Array, Object(Closure))
#11 C:\xampp003\htdocs\jianshu_Laravel_5.4\c16nyr\vendor\laravel\framework\src\Illuminate\Database\Connection.php(326): Illuminate\Database\Connection->run('select * from `...', Array, Object(Closure))
#12 C:\xampp003\htdocs\jianshu_Laravel_5.4\c16nyr\vendor\laravel\framework\src\Illuminate\Database\Query\Builder.php(1711): Illuminate\Database\Connection->select('select * from `...', Array, true)
#13 C:\xampp003\htdocs\jianshu_Laravel_5.4\c16nyr\vendor\laravel\framework\src\Illuminate\Database\Query\Builder.php(1695): Illuminate\Database\Query\Builder->runSelect()
#14 C:\xampp003\htdocs\jianshu_Laravel_5.4\c16nyr\vendor\laravel\framework\src\Illuminate\Database\Eloquent\Builder.php(462): Illuminate\Database\Query\Builder->get(Array)
#15 C:\xampp003\htdocs\jianshu_Laravel_5.4\c16nyr\vendor\laravel\framework\src\Illuminate\Database\Eloquent\Builder.php(446): Illuminate\Database\Eloquent\Builder->getModels(Array)
#16 C:\xampp003\htdocs\jianshu_Laravel_5.4\c16nyr\app\Providers\AuthServiceProvider.php(29): Illuminate\Database\Eloquent\Builder->get()
#17 [internal function]: App\Providers\AuthServiceProvider->boot()
#18 C:\xampp003\htdocs\jianshu_Laravel_5.4\c16nyr\vendor\laravel\framework\src\Illuminate\Container\BoundMethod.php(30): call_user_func_array(Array, Array)
#19 C:\xampp003\htdocs\jianshu_Laravel_5.4\c16nyr\vendor\laravel\framework\src\Illuminate\Container\BoundMethod.php(87): Illuminate\Container\BoundMethod::Illuminate\Container\{closure}()
#20 C:\xampp003\htdocs\jianshu_Laravel_5.4\c16nyr\vendor\laravel\framework\src\Illuminate\Container\BoundMethod.php(31): Illuminate\Container\BoundMethod::callBoundMethod(Object(Illuminate\Foundation\Application), Array, Object(Closure))
#21 C:\xampp003\htdocs\jianshu_Laravel_5.4\c16nyr\vendor\laravel\framework\src\Illuminate\Container\Container.php(539): Illuminate\Container\BoundMethod::call(Object(Illuminate\Foundation\Application), Array, Array, NULL)
#22 C:\xampp003\htdocs\jianshu_Laravel_5.4\c16nyr\vendor\laravel\framework\src\Illuminate\Foundation\Application.php(788): Illuminate\Container\Container->call(Array)
#23 C:\xampp003\htdocs\jianshu_Laravel_5.4\c16nyr\vendor\laravel\framework\src\Illuminate\Foundation\Application.php(771): Illuminate\Foundation\Application->bootProvider(Object(App\Providers\AuthServiceProvider))
#24 [internal function]: Illuminate\Foundation\Application->Illuminate\Foundation\{closure}(Object(App\Providers\AuthServiceProvider), 15)
#25 C:\xampp003\htdocs\jianshu_Laravel_5.4\c16nyr\vendor\laravel\framework\src\Illuminate\Foundation\Application.php(772): array_walk(Array, Object(Closure))
#26 C:\xampp003\htdocs\jianshu_Laravel_5.4\c16nyr\vendor\laravel\framework\src\Illuminate\Foundation\Bootstrap\BootProviders.php(17): Illuminate\Foundation\Application->boot()
#27 C:\xampp003\htdocs\jianshu_Laravel_5.4\c16nyr\vendor\laravel\framework\src\Illuminate\Foundation\Application.php(208): Illuminate\Foundation\Bootstrap\BootProviders->bootstrap(Object(Illuminate\Foundation\Application))
#28 C:\xampp003\htdocs\jianshu_Laravel_5.4\c16nyr\vendor\laravel\framework\src\Illuminate\Foundation\Http\Kernel.php(160): Illuminate\Foundation\Application->bootstrapWith(Array)
#29 C:\xampp003\htdocs\jianshu_Laravel_5.4\c16nyr\vendor\laravel\framework\src\Illuminate\Foundation\Http\Kernel.php(144): Illuminate\Foundation\Http\Kernel->bootstrap()
#30 C:\xampp003\htdocs\jianshu_Laravel_5.4\c16nyr\vendor\laravel\framework\src\Illuminate\Foundation\Http\Kernel.php(116): Illuminate\Foundation\Http\Kernel->sendRequestThroughRouter(Object(Illuminate\Http\Request))
#31 C:\xampp003\htdocs\jianshu_Laravel_5.4\c16nyr\public\index.php(54): Illuminate\Foundation\Http\Kernel->handle(Object(Illuminate\Http\Request))
#32 {main}

Next exception 'Illuminate\Database\QueryException' with message 'SQLSTATE[HY000] [1049] Unknown database 'imooc_laravel' (SQL: select * from `admin_permissions`)' in C:\xampp003\htdocs\jianshu_Laravel_5.4\c16nyr\vendor\laravel\framework\src\Illuminate\Database\Connection.php:647
Stack trace:
#0 C:\xampp003\htdocs\jianshu_Laravel_5.4\c16nyr\vendor\laravel\framework\src\Illuminate\Database\Connection.php(607): Illuminate\Database\Connection->runQueryCallback('select * from `...', Array, Object(Closure))
#1 C:\xampp003\htdocs\jianshu_Laravel_5.4\c16nyr\vendor\laravel\framework\src\Illuminate\Database\Connection.php(326): Illuminate\Database\Connection->run('select * from `...', Array, Object(Closure))
#2 C:\xampp003\htdocs\jianshu_Laravel_5.4\c16nyr\vendor\laravel\framework\src\Illuminate\Database\Query\Builder.php(1711): Illuminate\Database\Connection->select('select * from `...', Array, true)
#3 C:\xampp003\htdocs\jianshu_Laravel_5.4\c16nyr\vendor\laravel\framework\src\Illuminate\Database\Query\Builder.php(1695): Illuminate\Database\Query\Builder->runSelect()
#4 C:\xampp003\htdocs\jianshu_Laravel_5.4\c16nyr\vendor\laravel\framework\src\Illuminate\Database\Eloquent\Builder.php(462): Illuminate\Database\Query\Builder->get(Array)
#5 C:\xampp003\htdocs\jianshu_Laravel_5.4\c16nyr\vendor\laravel\framework\src\Illuminate\Database\Eloquent\Builder.php(446): Illuminate\Database\Eloquent\Builder->getModels(Array)
#6 C:\xampp003\htdocs\jianshu_Laravel_5.4\c16nyr\app\Providers\AuthServiceProvider.php(29): Illuminate\Database\Eloquent\Builder->get()
#7 [internal function]: App\Providers\AuthServiceProvider->boot()
#8 C:\xampp003\htdocs\jianshu_Laravel_5.4\c16nyr\vendor\laravel\framework\src\Illuminate\Container\BoundMethod.php(30): call_user_func_array(Array, Array)
#9 C:\xampp003\htdocs\jianshu_Laravel_5.4\c16nyr\vendor\laravel\framework\src\Illuminate\Container\BoundMethod.php(87): Illuminate\Container\BoundMethod::Illuminate\Container\{closure}()
#10 C:\xampp003\htdocs\jianshu_Laravel_5.4\c16nyr\vendor\laravel\framework\src\Illuminate\Container\BoundMethod.php(31): Illuminate\Container\BoundMethod::callBoundMethod(Object(Illuminate\Foundation\Application), Array, Object(Closure))
#11 C:\xampp003\htdocs\jianshu_Laravel_5.4\c16nyr\vendor\laravel\framework\src\Illuminate\Container\Container.php(539): Illuminate\Container\BoundMethod::call(Object(Illuminate\Foundation\Application), Array, Array, NULL)
#12 C:\xampp003\htdocs\jianshu_Laravel_5.4\c16nyr\vendor\laravel\framework\src\Illuminate\Foundation\Application.php(788): Illuminate\Container\Container->call(Array)
#13 C:\xampp003\htdocs\jianshu_Laravel_5.4\c16nyr\vendor\laravel\framework\src\Illuminate\Foundation\Application.php(771): Illuminate\Foundation\Application->bootProvider(Object(App\Providers\AuthServiceProvider))
#14 [internal function]: Illuminate\Foundation\Application->Illuminate\Foundation\{closure}(Object(App\Providers\AuthServiceProvider), 15)
#15 C:\xampp003\htdocs\jianshu_Laravel_5.4\c16nyr\vendor\laravel\framework\src\Illuminate\Foundation\Application.php(772): array_walk(Array, Object(Closure))
#16 C:\xampp003\htdocs\jianshu_Laravel_5.4\c16nyr\vendor\laravel\framework\src\Illuminate\Foundation\Bootstrap\BootProviders.php(17): Illuminate\Foundation\Application->boot()
#17 C:\xampp003\htdocs\jianshu_Laravel_5.4\c16nyr\vendor\laravel\framework\src\Illuminate\Foundation\Application.php(208): Illuminate\Foundation\Bootstrap\BootProviders->bootstrap(Object(Illuminate\Foundation\Application))
#18 C:\xampp003\htdocs\jianshu_Laravel_5.4\c16nyr\vendor\laravel\framework\src\Illuminate\Foundation\Http\Kernel.php(160): Illuminate\Foundation\Application->bootstrapWith(Array)
#19 C:\xampp003\htdocs\jianshu_Laravel_5.4\c16nyr\vendor\laravel\framework\src\Illuminate\Foundation\Http\Kernel.php(144): Illuminate\Foundation\Http\Kernel->bootstrap()
#20 C:\xampp003\htdocs\jianshu_Laravel_5.4\c16nyr\vendor\laravel\framework\src\Illuminate\Foundation\Http\Kernel.php(116): Illuminate\Foundation\Http\Kernel->sendRequestThroughRouter(Object(Illuminate\Http\Request))
#21 C:\xampp003\htdocs\jianshu_Laravel_5.4\c16nyr\public\index.php(54): Illuminate\Foundation\Http\Kernel->handle(Object(Illuminate\Http\Request))
#22 {main}  
[2017-06-16 21:14:40] local.ERROR: exception 'PDOException' with message 'SQLSTATE[HY000] [1049] Unknown database 'imooc_laravel'' in C:\xampp003\htdocs\jianshu_Laravel_5.4\c16nyr\vendor\laravel\framework\src\Illuminate\Database\Connectors\Connector.php:68
Stack trace:
#0 C:\xampp003\htdocs\jianshu_Laravel_5.4\c16nyr\vendor\laravel\framework\src\Illuminate\Database\Connectors\Connector.php(68): PDO->__construct('mysql:host=127....', 'root', '', Array)
#1 C:\xampp003\htdocs\jianshu_Laravel_5.4\c16nyr\vendor\laravel\framework\src\Illuminate\Database\Connectors\Connector.php(45): Illuminate\Database\Connectors\Connector->createPdoConnection('mysql:host=127....', 'root', '', Array)
#2 C:\xampp003\htdocs\jianshu_Laravel_5.4\c16nyr\vendor\laravel\framework\src\Illuminate\Database\Connectors\MySqlConnector.php(24): Illuminate\Database\Connectors\Connector->createConnection('mysql:host=127....', Array, Array)
#3 C:\xampp003\htdocs\jianshu_Laravel_5.4\c16nyr\vendor\laravel\framework\src\Illuminate\Database\Connectors\ConnectionFactory.php(183): Illuminate\Database\Connectors\MySqlConnector->connect(Array)
#4 [internal function]: Illuminate\Database\Connectors\ConnectionFactory->Illuminate\Database\Connectors\{closure}()
#5 C:\xampp003\htdocs\jianshu_Laravel_5.4\c16nyr\vendor\laravel\framework\src\Illuminate\Database\Connection.php(882): call_user_func(Object(Closure))
#6 C:\xampp003\htdocs\jianshu_Laravel_5.4\c16nyr\vendor\laravel\framework\src\Illuminate\Database\Connection.php(903): Illuminate\Database\Connection->getPdo()
#7 C:\xampp003\htdocs\jianshu_Laravel_5.4\c16nyr\vendor\laravel\framework\src\Illuminate\Database\Connection.php(392): Illuminate\Database\Connection->getReadPdo()
#8 C:\xampp003\htdocs\jianshu_Laravel_5.4\c16nyr\vendor\laravel\framework\src\Illuminate\Database\Connection.php(318): Illuminate\Database\Connection->getPdoForSelect(true)
#9 C:\xampp003\htdocs\jianshu_Laravel_5.4\c16nyr\vendor\laravel\framework\src\Illuminate\Database\Connection.php(640): Illuminate\Database\Connection->Illuminate\Database\{closure}('select * from `...', Array)
#10 C:\xampp003\htdocs\jianshu_Laravel_5.4\c16nyr\vendor\laravel\framework\src\Illuminate\Database\Connection.php(607): Illuminate\Database\Connection->runQueryCallback('select * from `...', Array, Object(Closure))
#11 C:\xampp003\htdocs\jianshu_Laravel_5.4\c16nyr\vendor\laravel\framework\src\Illuminate\Database\Connection.php(326): Illuminate\Database\Connection->run('select * from `...', Array, Object(Closure))
#12 C:\xampp003\htdocs\jianshu_Laravel_5.4\c16nyr\vendor\laravel\framework\src\Illuminate\Database\Query\Builder.php(1711): Illuminate\Database\Connection->select('select * from `...', Array, true)
#13 C:\xampp003\htdocs\jianshu_Laravel_5.4\c16nyr\vendor\laravel\framework\src\Illuminate\Database\Query\Builder.php(1695): Illuminate\Database\Query\Builder->runSelect()
#14 C:\xampp003\htdocs\jianshu_Laravel_5.4\c16nyr\vendor\laravel\framework\src\Illuminate\Database\Eloquent\Builder.php(462): Illuminate\Database\Query\Builder->get(Array)
#15 C:\xampp003\htdocs\jianshu_Laravel_5.4\c16nyr\vendor\laravel\framework\src\Illuminate\Database\Eloquent\Builder.php(446): Illuminate\Database\Eloquent\Builder->getModels(Array)
#16 C:\xampp003\htdocs\jianshu_Laravel_5.4\c16nyr\app\Providers\AuthServiceProvider.php(29): Illuminate\Database\Eloquent\Builder->get()
#17 [internal function]: App\Providers\AuthServiceProvider->boot()
#18 C:\xampp003\htdocs\jianshu_Laravel_5.4\c16nyr\vendor\laravel\framework\src\Illuminate\Container\BoundMethod.php(30): call_user_func_array(Array, Array)
#19 C:\xampp003\htdocs\jianshu_Laravel_5.4\c16nyr\vendor\laravel\framework\src\Illuminate\Container\BoundMethod.php(87): Illuminate\Container\BoundMethod::Illuminate\Container\{closure}()
#20 C:\xampp003\htdocs\jianshu_Laravel_5.4\c16nyr\vendor\laravel\framework\src\Illuminate\Container\BoundMethod.php(31): Illuminate\Container\BoundMethod::callBoundMethod(Object(Illuminate\Foundation\Application), Array, Object(Closure))
#21 C:\xampp003\htdocs\jianshu_Laravel_5.4\c16nyr\vendor\laravel\framework\src\Illuminate\Container\Container.php(539): Illuminate\Container\BoundMethod::call(Object(Illuminate\Foundation\Application), Array, Array, NULL)
#22 C:\xampp003\htdocs\jianshu_Laravel_5.4\c16nyr\vendor\laravel\framework\src\Illuminate\Foundation\Application.php(788): Illuminate\Container\Container->call(Array)
#23 C:\xampp003\htdocs\jianshu_Laravel_5.4\c16nyr\vendor\laravel\framework\src\Illuminate\Foundation\Application.php(771): Illuminate\Foundation\Application->bootProvider(Object(App\Providers\AuthServiceProvider))
#24 [internal function]: Illuminate\Foundation\Application->Illuminate\Foundation\{closure}(Object(App\Providers\AuthServiceProvider), 15)
#25 C:\xampp003\htdocs\jianshu_Laravel_5.4\c16nyr\vendor\laravel\framework\src\Illuminate\Foundation\Application.php(772): array_walk(Array, Object(Closure))
#26 C:\xampp003\htdocs\jianshu_Laravel_5.4\c16nyr\vendor\laravel\framework\src\Illuminate\Foundation\Bootstrap\BootProviders.php(17): Illuminate\Foundation\Application->boot()
#27 C:\xampp003\htdocs\jianshu_Laravel_5.4\c16nyr\vendor\laravel\framework\src\Illuminate\Foundation\Application.php(208): Illuminate\Foundation\Bootstrap\BootProviders->bootstrap(Object(Illuminate\Foundation\Application))
#28 C:\xampp003\htdocs\jianshu_Laravel_5.4\c16nyr\vendor\laravel\framework\src\Illuminate\Foundation\Http\Kernel.php(160): Illuminate\Foundation\Application->bootstrapWith(Array)
#29 C:\xampp003\htdocs\jianshu_Laravel_5.4\c16nyr\vendor\laravel\framework\src\Illuminate\Foundation\Http\Kernel.php(144): Illuminate\Foundation\Http\Kernel->bootstrap()
#30 C:\xampp003\htdocs\jianshu_Laravel_5.4\c16nyr\vendor\laravel\framework\src\Illuminate\Foundation\Http\Kernel.php(116): Illuminate\Foundation\Http\Kernel->sendRequestThroughRouter(Object(Illuminate\Http\Request))
#31 C:\xampp003\htdocs\jianshu_Laravel_5.4\c16nyr\public\index.php(54): Illuminate\Foundation\Http\Kernel->handle(Object(Illuminate\Http\Request))
#32 {main}  
[2017-06-16 21:14:40] local.ERROR: exception 'PDOException' with message 'SQLSTATE[HY000] [1049] Unknown database 'imooc_laravel'' in C:\xampp003\htdocs\jianshu_Laravel_5.4\c16nyr\vendor\laravel\framework\src\Illuminate\Database\Connectors\Connector.php:68
Stack trace:
#0 C:\xampp003\htdocs\jianshu_Laravel_5.4\c16nyr\vendor\laravel\framework\src\Illuminate\Database\Connectors\Connector.php(68): PDO->__construct('mysql:host=127....', 'root', '', Array)
#1 C:\xampp003\htdocs\jianshu_Laravel_5.4\c16nyr\vendor\laravel\framework\src\Illuminate\Database\Connectors\Connector.php(45): Illuminate\Database\Connectors\Connector->createPdoConnection('mysql:host=127....', 'root', '', Array)
#2 C:\xampp003\htdocs\jianshu_Laravel_5.4\c16nyr\vendor\laravel\framework\src\Illuminate\Database\Connectors\MySqlConnector.php(24): Illuminate\Database\Connectors\Connector->createConnection('mysql:host=127....', Array, Array)
#3 C:\xampp003\htdocs\jianshu_Laravel_5.4\c16nyr\vendor\laravel\framework\src\Illuminate\Database\Connectors\ConnectionFactory.php(183): Illuminate\Database\Connectors\MySqlConnector->connect(Array)
#4 [internal function]: Illuminate\Database\Connectors\ConnectionFactory->Illuminate\Database\Connectors\{closure}()
#5 C:\xampp003\htdocs\jianshu_Laravel_5.4\c16nyr\vendor\laravel\framework\src\Illuminate\Database\Connection.php(882): call_user_func(Object(Closure))
#6 C:\xampp003\htdocs\jianshu_Laravel_5.4\c16nyr\vendor\laravel\framework\src\Illuminate\Database\Connection.php(903): Illuminate\Database\Connection->getPdo()
#7 C:\xampp003\htdocs\jianshu_Laravel_5.4\c16nyr\vendor\laravel\framework\src\Illuminate\Database\Connection.php(392): Illuminate\Database\Connection->getReadPdo()
#8 C:\xampp003\htdocs\jianshu_Laravel_5.4\c16nyr\vendor\laravel\framework\src\Illuminate\Database\Connection.php(318): Illuminate\Database\Connection->getPdoForSelect(true)
#9 C:\xampp003\htdocs\jianshu_Laravel_5.4\c16nyr\vendor\laravel\framework\src\Illuminate\Database\Connection.php(640): Illuminate\Database\Connection->Illuminate\Database\{closure}('select * from `...', Array)
#10 C:\xampp003\htdocs\jianshu_Laravel_5.4\c16nyr\vendor\laravel\framework\src\Illuminate\Database\Connection.php(607): Illuminate\Database\Connection->runQueryCallback('select * from `...', Array, Object(Closure))
#11 C:\xampp003\htdocs\jianshu_Laravel_5.4\c16nyr\vendor\laravel\framework\src\Illuminate\Database\Connection.php(326): Illuminate\Database\Connection->run('select * from `...', Array, Object(Closure))
#12 C:\xampp003\htdocs\jianshu_Laravel_5.4\c16nyr\vendor\laravel\framework\src\Illuminate\Database\Query\Builder.php(1711): Illuminate\Database\Connection->select('select * from `...', Array, true)
#13 C:\xampp003\htdocs\jianshu_Laravel_5.4\c16nyr\vendor\laravel\framework\src\Illuminate\Database\Query\Builder.php(1695): Illuminate\Database\Query\Builder->runSelect()
#14 C:\xampp003\htdocs\jianshu_Laravel_5.4\c16nyr\vendor\laravel\framework\src\Illuminate\Database\Eloquent\Builder.php(462): Illuminate\Database\Query\Builder->get(Array)
#15 C:\xampp003\htdocs\jianshu_Laravel_5.4\c16nyr\vendor\laravel\framework\src\Illuminate\Database\Eloquent\Builder.php(446): Illuminate\Database\Eloquent\Builder->getModels(Array)
#16 C:\xampp003\htdocs\jianshu_Laravel_5.4\c16nyr\app\Providers\AuthServiceProvider.php(29): Illuminate\Database\Eloquent\Builder->get()
#17 [internal function]: App\Providers\AuthServiceProvider->boot()
#18 C:\xampp003\htdocs\jianshu_Laravel_5.4\c16nyr\vendor\laravel\framework\src\Illuminate\Container\BoundMethod.php(30): call_user_func_array(Array, Array)
#19 C:\xampp003\htdocs\jianshu_Laravel_5.4\c16nyr\vendor\laravel\framework\src\Illuminate\Container\BoundMethod.php(87): Illuminate\Container\BoundMethod::Illuminate\Container\{closure}()
#20 C:\xampp003\htdocs\jianshu_Laravel_5.4\c16nyr\vendor\laravel\framework\src\Illuminate\Container\BoundMethod.php(31): Illuminate\Container\BoundMethod::callBoundMethod(Object(Illuminate\Foundation\Application), Array, Object(Closure))
#21 C:\xampp003\htdocs\jianshu_Laravel_5.4\c16nyr\vendor\laravel\framework\src\Illuminate\Container\Container.php(539): Illuminate\Container\BoundMethod::call(Object(Illuminate\Foundation\Application), Array, Array, NULL)
#22 C:\xampp003\htdocs\jianshu_Laravel_5.4\c16nyr\vendor\laravel\framework\src\Illuminate\Foundation\Application.php(788): Illuminate\Container\Container->call(Array)
#23 C:\xampp003\htdocs\jianshu_Laravel_5.4\c16nyr\vendor\laravel\framework\src\Illuminate\Foundation\Application.php(771): Illuminate\Foundation\Application->bootProvider(Object(App\Providers\AuthServiceProvider))
#24 [internal function]: Illuminate\Foundation\Application->Illuminate\Foundation\{closure}(Object(App\Providers\AuthServiceProvider), 15)
#25 C:\xampp003\htdocs\jianshu_Laravel_5.4\c16nyr\vendor\laravel\framework\src\Illuminate\Foundation\Application.php(772): array_walk(Array, Object(Closure))
#26 C:\xampp003\htdocs\jianshu_Laravel_5.4\c16nyr\vendor\laravel\framework\src\Illuminate\Foundation\Bootstrap\BootProviders.php(17): Illuminate\Foundation\Application->boot()
#27 C:\xampp003\htdocs\jianshu_Laravel_5.4\c16nyr\vendor\laravel\framework\src\Illuminate\Foundation\Application.php(208): Illuminate\Foundation\Bootstrap\BootProviders->bootstrap(Object(Illuminate\Foundation\Application))
#28 C:\xampp003\htdocs\jianshu_Laravel_5.4\c16nyr\vendor\laravel\framework\src\Illuminate\Foundation\Http\Kernel.php(160): Illuminate\Foundation\Application->bootstrapWith(Array)
#29 C:\xampp003\htdocs\jianshu_Laravel_5.4\c16nyr\vendor\laravel\framework\src\Illuminate\Foundation\Http\Kernel.php(144): Illuminate\Foundation\Http\Kernel->bootstrap()
#30 C:\xampp003\htdocs\jianshu_Laravel_5.4\c16nyr\vendor\laravel\framework\src\Illuminate\Foundation\Http\Kernel.php(116): Illuminate\Foundation\Http\Kernel->sendRequestThroughRouter(Object(Illuminate\Http\Request))
#31 C:\xampp003\htdocs\jianshu_Laravel_5.4\c16nyr\public\index.php(54): Illuminate\Foundation\Http\Kernel->handle(Object(Illuminate\Http\Request))
#32 {main}

Next exception 'Illuminate\Database\QueryException' with message 'SQLSTATE[HY000] [1049] Unknown database 'imooc_laravel' (SQL: select * from `admin_permissions`)' in C:\xampp003\htdocs\jianshu_Laravel_5.4\c16nyr\vendor\laravel\framework\src\Illuminate\Database\Connection.php:647
Stack trace:
#0 C:\xampp003\htdocs\jianshu_Laravel_5.4\c16nyr\vendor\laravel\framework\src\Illuminate\Database\Connection.php(607): Illuminate\Database\Connection->runQueryCallback('select * from `...', Array, Object(Closure))
#1 C:\xampp003\htdocs\jianshu_Laravel_5.4\c16nyr\vendor\laravel\framework\src\Illuminate\Database\Connection.php(326): Illuminate\Database\Connection->run('select * from `...', Array, Object(Closure))
#2 C:\xampp003\htdocs\jianshu_Laravel_5.4\c16nyr\vendor\laravel\framework\src\Illuminate\Database\Query\Builder.php(1711): Illuminate\Database\Connection->select('select * from `...', Array, true)
#3 C:\xampp003\htdocs\jianshu_Laravel_5.4\c16nyr\vendor\laravel\framework\src\Illuminate\Database\Query\Builder.php(1695): Illuminate\Database\Query\Builder->runSelect()
#4 C:\xampp003\htdocs\jianshu_Laravel_5.4\c16nyr\vendor\laravel\framework\src\Illuminate\Database\Eloquent\Builder.php(462): Illuminate\Database\Query\Builder->get(Array)
#5 C:\xampp003\htdocs\jianshu_Laravel_5.4\c16nyr\vendor\laravel\framework\src\Illuminate\Database\Eloquent\Builder.php(446): Illuminate\Database\Eloquent\Builder->getModels(Array)
#6 C:\xampp003\htdocs\jianshu_Laravel_5.4\c16nyr\app\Providers\AuthServiceProvider.php(29): Illuminate\Database\Eloquent\Builder->get()
#7 [internal function]: App\Providers\AuthServiceProvider->boot()
#8 C:\xampp003\htdocs\jianshu_Laravel_5.4\c16nyr\vendor\laravel\framework\src\Illuminate\Container\BoundMethod.php(30): call_user_func_array(Array, Array)
#9 C:\xampp003\htdocs\jianshu_Laravel_5.4\c16nyr\vendor\laravel\framework\src\Illuminate\Container\BoundMethod.php(87): Illuminate\Container\BoundMethod::Illuminate\Container\{closure}()
#10 C:\xampp003\htdocs\jianshu_Laravel_5.4\c16nyr\vendor\laravel\framework\src\Illuminate\Container\BoundMethod.php(31): Illuminate\Container\BoundMethod::callBoundMethod(Object(Illuminate\Foundation\Application), Array, Object(Closure))
#11 C:\xampp003\htdocs\jianshu_Laravel_5.4\c16nyr\vendor\laravel\framework\src\Illuminate\Container\Container.php(539): Illuminate\Container\BoundMethod::call(Object(Illuminate\Foundation\Application), Array, Array, NULL)
#12 C:\xampp003\htdocs\jianshu_Laravel_5.4\c16nyr\vendor\laravel\framework\src\Illuminate\Foundation\Application.php(788): Illuminate\Container\Container->call(Array)
#13 C:\xampp003\htdocs\jianshu_Laravel_5.4\c16nyr\vendor\laravel\framework\src\Illuminate\Foundation\Application.php(771): Illuminate\Foundation\Application->bootProvider(Object(App\Providers\AuthServiceProvider))
#14 [internal function]: Illuminate\Foundation\Application->Illuminate\Foundation\{closure}(Object(App\Providers\AuthServiceProvider), 15)
#15 C:\xampp003\htdocs\jianshu_Laravel_5.4\c16nyr\vendor\laravel\framework\src\Illuminate\Foundation\Application.php(772): array_walk(Array, Object(Closure))
#16 C:\xampp003\htdocs\jianshu_Laravel_5.4\c16nyr\vendor\laravel\framework\src\Illuminate\Foundation\Bootstrap\BootProviders.php(17): Illuminate\Foundation\Application->boot()
#17 C:\xampp003\htdocs\jianshu_Laravel_5.4\c16nyr\vendor\laravel\framework\src\Illuminate\Foundation\Application.php(208): Illuminate\Foundation\Bootstrap\BootProviders->bootstrap(Object(Illuminate\Foundation\Application))
#18 C:\xampp003\htdocs\jianshu_Laravel_5.4\c16nyr\vendor\laravel\framework\src\Illuminate\Foundation\Http\Kernel.php(160): Illuminate\Foundation\Application->bootstrapWith(Array)
#19 C:\xampp003\htdocs\jianshu_Laravel_5.4\c16nyr\vendor\laravel\framework\src\Illuminate\Foundation\Http\Kernel.php(144): Illuminate\Foundation\Http\Kernel->bootstrap()
#20 C:\xampp003\htdocs\jianshu_Laravel_5.4\c16nyr\vendor\laravel\framework\src\Illuminate\Foundation\Http\Kernel.php(116): Illuminate\Foundation\Http\Kernel->sendRequestThroughRouter(Object(Illuminate\Http\Request))
#21 C:\xampp003\htdocs\jianshu_Laravel_5.4\c16nyr\public\index.php(54): Illuminate\Foundation\Http\Kernel->handle(Object(Illuminate\Http\Request))
#22 {main}  
[2017-06-16 21:15:08] local.ERROR: exception 'PDOException' with message 'SQLSTATE[42S02]: Base table or view not found: 1146 Table 'imooc_laravel.admin_permissions' doesn't exist' in C:\xampp003\htdocs\jianshu_Laravel_5.4\c16nyr\vendor\laravel\framework\src\Illuminate\Database\Connection.php:319
Stack trace:
#0 C:\xampp003\htdocs\jianshu_Laravel_5.4\c16nyr\vendor\laravel\framework\src\Illuminate\Database\Connection.php(319): PDO->prepare('select * from `...')
#1 C:\xampp003\htdocs\jianshu_Laravel_5.4\c16nyr\vendor\laravel\framework\src\Illuminate\Database\Connection.php(640): Illuminate\Database\Connection->Illuminate\Database\{closure}('select * from `...', Array)
#2 C:\xampp003\htdocs\jianshu_Laravel_5.4\c16nyr\vendor\laravel\framework\src\Illuminate\Database\Connection.php(607): Illuminate\Database\Connection->runQueryCallback('select * from `...', Array, Object(Closure))
#3 C:\xampp003\htdocs\jianshu_Laravel_5.4\c16nyr\vendor\laravel\framework\src\Illuminate\Database\Connection.php(326): Illuminate\Database\Connection->run('select * from `...', Array, Object(Closure))
#4 C:\xampp003\htdocs\jianshu_Laravel_5.4\c16nyr\vendor\laravel\framework\src\Illuminate\Database\Query\Builder.php(1711): Illuminate\Database\Connection->select('select * from `...', Array, true)
#5 C:\xampp003\htdocs\jianshu_Laravel_5.4\c16nyr\vendor\laravel\framework\src\Illuminate\Database\Query\Builder.php(1695): Illuminate\Database\Query\Builder->runSelect()
#6 C:\xampp003\htdocs\jianshu_Laravel_5.4\c16nyr\vendor\laravel\framework\src\Illuminate\Database\Eloquent\Builder.php(462): Illuminate\Database\Query\Builder->get(Array)
#7 C:\xampp003\htdocs\jianshu_Laravel_5.4\c16nyr\vendor\laravel\framework\src\Illuminate\Database\Eloquent\Builder.php(446): Illuminate\Database\Eloquent\Builder->getModels(Array)
#8 C:\xampp003\htdocs\jianshu_Laravel_5.4\c16nyr\app\Providers\AuthServiceProvider.php(29): Illuminate\Database\Eloquent\Builder->get()
#9 [internal function]: App\Providers\AuthServiceProvider->boot()
#10 C:\xampp003\htdocs\jianshu_Laravel_5.4\c16nyr\vendor\laravel\framework\src\Illuminate\Container\BoundMethod.php(30): call_user_func_array(Array, Array)
#11 C:\xampp003\htdocs\jianshu_Laravel_5.4\c16nyr\vendor\laravel\framework\src\Illuminate\Container\BoundMethod.php(87): Illuminate\Container\BoundMethod::Illuminate\Container\{closure}()
#12 C:\xampp003\htdocs\jianshu_Laravel_5.4\c16nyr\vendor\laravel\framework\src\Illuminate\Container\BoundMethod.php(31): Illuminate\Container\BoundMethod::callBoundMethod(Object(Illuminate\Foundation\Application), Array, Object(Closure))
#13 C:\xampp003\htdocs\jianshu_Laravel_5.4\c16nyr\vendor\laravel\framework\src\Illuminate\Container\Container.php(539): Illuminate\Container\BoundMethod::call(Object(Illuminate\Foundation\Application), Array, Array, NULL)
#14 C:\xampp003\htdocs\jianshu_Laravel_5.4\c16nyr\vendor\laravel\framework\src\Illuminate\Foundation\Application.php(788): Illuminate\Container\Container->call(Array)
#15 C:\xampp003\htdocs\jianshu_Laravel_5.4\c16nyr\vendor\laravel\framework\src\Illuminate\Foundation\Application.php(771): Illuminate\Foundation\Application->bootProvider(Object(App\Providers\AuthServiceProvider))
#16 [internal function]: Illuminate\Foundation\Application->Illuminate\Foundation\{closure}(Object(App\Providers\AuthServiceProvider), 15)
#17 C:\xampp003\htdocs\jianshu_Laravel_5.4\c16nyr\vendor\laravel\framework\src\Illuminate\Foundation\Application.php(772): array_walk(Array, Object(Closure))
#18 C:\xampp003\htdocs\jianshu_Laravel_5.4\c16nyr\vendor\laravel\framework\src\Illuminate\Foundation\Bootstrap\BootProviders.php(17): Illuminate\Foundation\Application->boot()
#19 C:\xampp003\htdocs\jianshu_Laravel_5.4\c16nyr\vendor\laravel\framework\src\Illuminate\Foundation\Application.php(208): Illuminate\Foundation\Bootstrap\BootProviders->bootstrap(Object(Illuminate\Foundation\Application))
#20 C:\xampp003\htdocs\jianshu_Laravel_5.4\c16nyr\vendor\laravel\framework\src\Illuminate\Foundation\Http\Kernel.php(160): Illuminate\Foundation\Application->bootstrapWith(Array)
#21 C:\xampp003\htdocs\jianshu_Laravel_5.4\c16nyr\vendor\laravel\framework\src\Illuminate\Foundation\Http\Kernel.php(144): Illuminate\Foundation\Http\Kernel->bootstrap()
#22 C:\xampp003\htdocs\jianshu_Laravel_5.4\c16nyr\vendor\laravel\framework\src\Illuminate\Foundation\Http\Kernel.php(116): Illuminate\Foundation\Http\Kernel->sendRequestThroughRouter(Object(Illuminate\Http\Request))
#23 C:\xampp003\htdocs\jianshu_Laravel_5.4\c16nyr\public\index.php(54): Illuminate\Foundation\Http\Kernel->handle(Object(Illuminate\Http\Request))
#24 {main}

Next exception 'Illuminate\Database\QueryException' with message 'SQLSTATE[42S02]: Base table or view not found: 1146 Table 'imooc_laravel.admin_permissions' doesn't exist (SQL: select * from `admin_permissions`)' in C:\xampp003\htdocs\jianshu_Laravel_5.4\c16nyr\vendor\laravel\framework\src\Illuminate\Database\Connection.php:647
Stack trace:
#0 C:\xampp003\htdocs\jianshu_Laravel_5.4\c16nyr\vendor\laravel\framework\src\Illuminate\Database\Connection.php(607): Illuminate\Database\Connection->runQueryCallback('select * from `...', Array, Object(Closure))
#1 C:\xampp003\htdocs\jianshu_Laravel_5.4\c16nyr\vendor\laravel\framework\src\Illuminate\Database\Connection.php(326): Illuminate\Database\Connection->run('select * from `...', Array, Object(Closure))
#2 C:\xampp003\htdocs\jianshu_Laravel_5.4\c16nyr\vendor\laravel\framework\src\Illuminate\Database\Query\Builder.php(1711): Illuminate\Database\Connection->select('select * from `...', Array, true)
#3 C:\xampp003\htdocs\jianshu_Laravel_5.4\c16nyr\vendor\laravel\framework\src\Illuminate\Database\Query\Builder.php(1695): Illuminate\Database\Query\Builder->runSelect()
#4 C:\xampp003\htdocs\jianshu_Laravel_5.4\c16nyr\vendor\laravel\framework\src\Illuminate\Database\Eloquent\Builder.php(462): Illuminate\Database\Query\Builder->get(Array)
#5 C:\xampp003\htdocs\jianshu_Laravel_5.4\c16nyr\vendor\laravel\framework\src\Illuminate\Database\Eloquent\Builder.php(446): Illuminate\Database\Eloquent\Builder->getModels(Array)
#6 C:\xampp003\htdocs\jianshu_Laravel_5.4\c16nyr\app\Providers\AuthServiceProvider.php(29): Illuminate\Database\Eloquent\Builder->get()
#7 [internal function]: App\Providers\AuthServiceProvider->boot()
#8 C:\xampp003\htdocs\jianshu_Laravel_5.4\c16nyr\vendor\laravel\framework\src\Illuminate\Container\BoundMethod.php(30): call_user_func_array(Array, Array)
#9 C:\xampp003\htdocs\jianshu_Laravel_5.4\c16nyr\vendor\laravel\framework\src\Illuminate\Container\BoundMethod.php(87): Illuminate\Container\BoundMethod::Illuminate\Container\{closure}()
#10 C:\xampp003\htdocs\jianshu_Laravel_5.4\c16nyr\vendor\laravel\framework\src\Illuminate\Container\BoundMethod.php(31): Illuminate\Container\BoundMethod::callBoundMethod(Object(Illuminate\Foundation\Application), Array, Object(Closure))
#11 C:\xampp003\htdocs\jianshu_Laravel_5.4\c16nyr\vendor\laravel\framework\src\Illuminate\Container\Container.php(539): Illuminate\Container\BoundMethod::call(Object(Illuminate\Foundation\Application), Array, Array, NULL)
#12 C:\xampp003\htdocs\jianshu_Laravel_5.4\c16nyr\vendor\laravel\framework\src\Illuminate\Foundation\Application.php(788): Illuminate\Container\Container->call(Array)
#13 C:\xampp003\htdocs\jianshu_Laravel_5.4\c16nyr\vendor\laravel\framework\src\Illuminate\Foundation\Application.php(771): Illuminate\Foundation\Application->bootProvider(Object(App\Providers\AuthServiceProvider))
#14 [internal function]: Illuminate\Foundation\Application->Illuminate\Foundation\{closure}(Object(App\Providers\AuthServiceProvider), 15)
#15 C:\xampp003\htdocs\jianshu_Laravel_5.4\c16nyr\vendor\laravel\framework\src\Illuminate\Foundation\Application.php(772): array_walk(Array, Object(Closure))
#16 C:\xampp003\htdocs\jianshu_Laravel_5.4\c16nyr\vendor\laravel\framework\src\Illuminate\Foundation\Bootstrap\BootProviders.php(17): Illuminate\Foundation\Application->boot()
#17 C:\xampp003\htdocs\jianshu_Laravel_5.4\c16nyr\vendor\laravel\framework\src\Illuminate\Foundation\Application.php(208): Illuminate\Foundation\Bootstrap\BootProviders->bootstrap(Object(Illuminate\Foundation\Application))
#18 C:\xampp003\htdocs\jianshu_Laravel_5.4\c16nyr\vendor\laravel\framework\src\Illuminate\Foundation\Http\Kernel.php(160): Illuminate\Foundation\Application->bootstrapWith(Array)
#19 C:\xampp003\htdocs\jianshu_Laravel_5.4\c16nyr\vendor\laravel\framework\src\Illuminate\Foundation\Http\Kernel.php(144): Illuminate\Foundation\Http\Kernel->bootstrap()
#20 C:\xampp003\htdocs\jianshu_Laravel_5.4\c16nyr\vendor\laravel\framework\src\Illuminate\Foundation\Http\Kernel.php(116): Illuminate\Foundation\Http\Kernel->sendRequestThroughRouter(Object(Illuminate\Http\Request))
#21 C:\xampp003\htdocs\jianshu_Laravel_5.4\c16nyr\public\index.php(54): Illuminate\Foundation\Http\Kernel->handle(Object(Illuminate\Http\Request))
#22 {main}  
[2017-06-16 21:22:13] local.ERROR: exception 'PDOException' with message 'SQLSTATE[42S02]: Base table or view not found: 1146 Table 'imooc_laravel.admin_permissions' doesn't exist' in C:\xampp003\htdocs\jianshu_Laravel_5.4\c16nyr\vendor\laravel\framework\src\Illuminate\Database\Connection.php:319
Stack trace:
#0 C:\xampp003\htdocs\jianshu_Laravel_5.4\c16nyr\vendor\laravel\framework\src\Illuminate\Database\Connection.php(319): PDO->prepare('select * from `...')
#1 C:\xampp003\htdocs\jianshu_Laravel_5.4\c16nyr\vendor\laravel\framework\src\Illuminate\Database\Connection.php(640): Illuminate\Database\Connection->Illuminate\Database\{closure}('select * from `...', Array)
#2 C:\xampp003\htdocs\jianshu_Laravel_5.4\c16nyr\vendor\laravel\framework\src\Illuminate\Database\Connection.php(607): Illuminate\Database\Connection->runQueryCallback('select * from `...', Array, Object(Closure))
#3 C:\xampp003\htdocs\jianshu_Laravel_5.4\c16nyr\vendor\laravel\framework\src\Illuminate\Database\Connection.php(326): Illuminate\Database\Connection->run('select * from `...', Array, Object(Closure))
#4 C:\xampp003\htdocs\jianshu_Laravel_5.4\c16nyr\vendor\laravel\framework\src\Illuminate\Database\Query\Builder.php(1711): Illuminate\Database\Connection->select('select * from `...', Array, true)
#5 C:\xampp003\htdocs\jianshu_Laravel_5.4\c16nyr\vendor\laravel\framework\src\Illuminate\Database\Query\Builder.php(1695): Illuminate\Database\Query\Builder->runSelect()
#6 C:\xampp003\htdocs\jianshu_Laravel_5.4\c16nyr\vendor\laravel\framework\src\Illuminate\Database\Eloquent\Builder.php(462): Illuminate\Database\Query\Builder->get(Array)
#7 C:\xampp003\htdocs\jianshu_Laravel_5.4\c16nyr\vendor\laravel\framework\src\Illuminate\Database\Eloquent\Builder.php(446): Illuminate\Database\Eloquent\Builder->getModels(Array)
#8 C:\xampp003\htdocs\jianshu_Laravel_5.4\c16nyr\app\Providers\AuthServiceProvider.php(29): Illuminate\Database\Eloquent\Builder->get()
#9 [internal function]: App\Providers\AuthServiceProvider->boot()
#10 C:\xampp003\htdocs\jianshu_Laravel_5.4\c16nyr\vendor\laravel\framework\src\Illuminate\Container\BoundMethod.php(30): call_user_func_array(Array, Array)
#11 C:\xampp003\htdocs\jianshu_Laravel_5.4\c16nyr\vendor\laravel\framework\src\Illuminate\Container\BoundMethod.php(87): Illuminate\Container\BoundMethod::Illuminate\Container\{closure}()
#12 C:\xampp003\htdocs\jianshu_Laravel_5.4\c16nyr\vendor\laravel\framework\src\Illuminate\Container\BoundMethod.php(31): Illuminate\Container\BoundMethod::callBoundMethod(Object(Illuminate\Foundation\Application), Array, Object(Closure))
#13 C:\xampp003\htdocs\jianshu_Laravel_5.4\c16nyr\vendor\laravel\framework\src\Illuminate\Container\Container.php(539): Illuminate\Container\BoundMethod::call(Object(Illuminate\Foundation\Application), Array, Array, NULL)
#14 C:\xampp003\htdocs\jianshu_Laravel_5.4\c16nyr\vendor\laravel\framework\src\Illuminate\Foundation\Application.php(788): Illuminate\Container\Container->call(Array)
#15 C:\xampp003\htdocs\jianshu_Laravel_5.4\c16nyr\vendor\laravel\framework\src\Illuminate\Foundation\Application.php(771): Illuminate\Foundation\Application->bootProvider(Object(App\Providers\AuthServiceProvider))
#16 [internal function]: Illuminate\Foundation\Application->Illuminate\Foundation\{closure}(Object(App\Providers\AuthServiceProvider), 15)
#17 C:\xampp003\htdocs\jianshu_Laravel_5.4\c16nyr\vendor\laravel\framework\src\Illuminate\Foundation\Application.php(772): array_walk(Array, Object(Closure))
#18 C:\xampp003\htdocs\jianshu_Laravel_5.4\c16nyr\vendor\laravel\framework\src\Illuminate\Foundation\Bootstrap\BootProviders.php(17): Illuminate\Foundation\Application->boot()
#19 C:\xampp003\htdocs\jianshu_Laravel_5.4\c16nyr\vendor\laravel\framework\src\Illuminate\Foundation\Application.php(208): Illuminate\Foundation\Bootstrap\BootProviders->bootstrap(Object(Illuminate\Foundation\Application))
#20 C:\xampp003\htdocs\jianshu_Laravel_5.4\c16nyr\vendor\laravel\framework\src\Illuminate\Foundation\Http\Kernel.php(160): Illuminate\Foundation\Application->bootstrapWith(Array)
#21 C:\xampp003\htdocs\jianshu_Laravel_5.4\c16nyr\vendor\laravel\framework\src\Illuminate\Foundation\Http\Kernel.php(144): Illuminate\Foundation\Http\Kernel->bootstrap()
#22 C:\xampp003\htdocs\jianshu_Laravel_5.4\c16nyr\vendor\laravel\framework\src\Illuminate\Foundation\Http\Kernel.php(116): Illuminate\Foundation\Http\Kernel->sendRequestThroughRouter(Object(Illuminate\Http\Request))
#23 C:\xampp003\htdocs\jianshu_Laravel_5.4\c16nyr\public\index.php(54): Illuminate\Foundation\Http\Kernel->handle(Object(Illuminate\Http\Request))
#24 {main}

Next exception 'Illuminate\Database\QueryException' with message 'SQLSTATE[42S02]: Base table or view not found: 1146 Table 'imooc_laravel.admin_permissions' doesn't exist (SQL: select * from `admin_permissions`)' in C:\xampp003\htdocs\jianshu_Laravel_5.4\c16nyr\vendor\laravel\framework\src\Illuminate\Database\Connection.php:647
Stack trace:
#0 C:\xampp003\htdocs\jianshu_Laravel_5.4\c16nyr\vendor\laravel\framework\src\Illuminate\Database\Connection.php(607): Illuminate\Database\Connection->runQueryCallback('select * from `...', Array, Object(Closure))
#1 C:\xampp003\htdocs\jianshu_Laravel_5.4\c16nyr\vendor\laravel\framework\src\Illuminate\Database\Connection.php(326): Illuminate\Database\Connection->run('select * from `...', Array, Object(Closure))
#2 C:\xampp003\htdocs\jianshu_Laravel_5.4\c16nyr\vendor\laravel\framework\src\Illuminate\Database\Query\Builder.php(1711): Illuminate\Database\Connection->select('select * from `...', Array, true)
#3 C:\xampp003\htdocs\jianshu_Laravel_5.4\c16nyr\vendor\laravel\framework\src\Illuminate\Database\Query\Builder.php(1695): Illuminate\Database\Query\Builder->runSelect()
#4 C:\xampp003\htdocs\jianshu_Laravel_5.4\c16nyr\vendor\laravel\framework\src\Illuminate\Database\Eloquent\Builder.php(462): Illuminate\Database\Query\Builder->get(Array)
#5 C:\xampp003\htdocs\jianshu_Laravel_5.4\c16nyr\vendor\laravel\framework\src\Illuminate\Database\Eloquent\Builder.php(446): Illuminate\Database\Eloquent\Builder->getModels(Array)
#6 C:\xampp003\htdocs\jianshu_Laravel_5.4\c16nyr\app\Providers\AuthServiceProvider.php(29): Illuminate\Database\Eloquent\Builder->get()
#7 [internal function]: App\Providers\AuthServiceProvider->boot()
#8 C:\xampp003\htdocs\jianshu_Laravel_5.4\c16nyr\vendor\laravel\framework\src\Illuminate\Container\BoundMethod.php(30): call_user_func_array(Array, Array)
#9 C:\xampp003\htdocs\jianshu_Laravel_5.4\c16nyr\vendor\laravel\framework\src\Illuminate\Container\BoundMethod.php(87): Illuminate\Container\BoundMethod::Illuminate\Container\{closure}()
#10 C:\xampp003\htdocs\jianshu_Laravel_5.4\c16nyr\vendor\laravel\framework\src\Illuminate\Container\BoundMethod.php(31): Illuminate\Container\BoundMethod::callBoundMethod(Object(Illuminate\Foundation\Application), Array, Object(Closure))
#11 C:\xampp003\htdocs\jianshu_Laravel_5.4\c16nyr\vendor\laravel\framework\src\Illuminate\Container\Container.php(539): Illuminate\Container\BoundMethod::call(Object(Illuminate\Foundation\Application), Array, Array, NULL)
#12 C:\xampp003\htdocs\jianshu_Laravel_5.4\c16nyr\vendor\laravel\framework\src\Illuminate\Foundation\Application.php(788): Illuminate\Container\Container->call(Array)
#13 C:\xampp003\htdocs\jianshu_Laravel_5.4\c16nyr\vendor\laravel\framework\src\Illuminate\Foundation\Application.php(771): Illuminate\Foundation\Application->bootProvider(Object(App\Providers\AuthServiceProvider))
#14 [internal function]: Illuminate\Foundation\Application->Illuminate\Foundation\{closure}(Object(App\Providers\AuthServiceProvider), 15)
#15 C:\xampp003\htdocs\jianshu_Laravel_5.4\c16nyr\vendor\laravel\framework\src\Illuminate\Foundation\Application.php(772): array_walk(Array, Object(Closure))
#16 C:\xampp003\htdocs\jianshu_Laravel_5.4\c16nyr\vendor\laravel\framework\src\Illuminate\Foundation\Bootstrap\BootProviders.php(17): Illuminate\Foundation\Application->boot()
#17 C:\xampp003\htdocs\jianshu_Laravel_5.4\c16nyr\vendor\laravel\framework\src\Illuminate\Foundation\Application.php(208): Illuminate\Foundation\Bootstrap\BootProviders->bootstrap(Object(Illuminate\Foundation\Application))
#18 C:\xampp003\htdocs\jianshu_Laravel_5.4\c16nyr\vendor\laravel\framework\src\Illuminate\Foundation\Http\Kernel.php(160): Illuminate\Foundation\Application->bootstrapWith(Array)
#19 C:\xampp003\htdocs\jianshu_Laravel_5.4\c16nyr\vendor\laravel\framework\src\Illuminate\Foundation\Http\Kernel.php(144): Illuminate\Foundation\Http\Kernel->bootstrap()
#20 C:\xampp003\htdocs\jianshu_Laravel_5.4\c16nyr\vendor\laravel\framework\src\Illuminate\Foundation\Http\Kernel.php(116): Illuminate\Foundation\Http\Kernel->sendRequestThroughRouter(Object(Illuminate\Http\Request))
#21 C:\xampp003\htdocs\jianshu_Laravel_5.4\c16nyr\public\index.php(54): Illuminate\Foundation\Http\Kernel->handle(Object(Illuminate\Http\Request))
#22 {main}  
